Sat Jul 18 13:54:40 IST 2020 domain:banking_en user:John sessionId:d1-OBGJOPYHFBBI clientIP:0:0:0:0:0:0:0:1 task:accountBalance TYPE:GroovyAction@1c62e5a0
Sat Jul 18 13:55:42 IST 2020 domain:banking_en user:John sessionId:d1-OBGJOPYHFBBI clientIP:0:0:0:0:0:0:0:1 task:getTransactions TYPE:GroovyAction@52e24933
Sat Jul 18 13:59:38 IST 2020 domain:banking_en user:John sessionId:d1-ISXXJ2RRCDOP clientIP:0:0:0:0:0:0:0:1 task:accountBalance TYPE:GroovyAction@455b6bf9
Sat Jul 18 14:05:42 IST 2020 domain:banking_en user:John sessionId:d2-PL2X8OIRZZE4 clientIP:0:0:0:0:0:0:0:1 task:getTransactions TYPE:GroovyAction@728f90d3
Sat Jul 18 14:41:48 IST 2020 domain:banking_en user:John sessionId:d3-7OM6KY9RG7WO clientIP:0:0:0:0:0:0:0:1 task:getTransactions TYPE:GroovyAction@77b507ca
Sat Jul 18 15:12:37 IST 2020 domain:banking_en user:John sessionId:d4-9IK9EM7X1NEX clientIP:0:0:0:0:0:0:0:1 task:getTransactions TYPE:GroovyAction@6a287cb9
Sat Jul 18 15:15:46 IST 2020 domain:banking_en user:John sessionId:d5-KV7DS0K0SVMT clientIP:0:0:0:0:0:0:0:1 task:getTransactions TYPE:GroovyAction@4c9a58d
Sat Jul 18 16:21:23 IST 2020 domain:banking_en user:John sessionId:d6-NTKAPCLPA6PJ clientIP:0:0:0:0:0:0:0:1 task:getTransactions TYPE:GroovyAction@444cd164
Sat Jul 18 16:35:28 IST 2020 domain:banking_en user:John sessionId:d7-SFRZ2EDN1TE5 clientIP:0:0:0:0:0:0:0:1 task:getTransactions TYPE:GroovyAction@46e57ea9
Sat Jul 18 16:51:10 IST 2020 domain:banking_en user:John sessionId:d8-IKJ85WWMNWAB clientIP:0:0:0:0:0:0:0:1 task:getTransactions TYPE:GroovyAction@406b2112
Sat Jul 18 16:53:32 IST 2020 domain:banking_en user:John sessionId:d9-IT5B2LK3OTUZ clientIP:0:0:0:0:0:0:0:1 task:getTransactions TYPE:GroovyAction@5fbe0303
Sat Jul 18 16:58:28 IST 2020 domain:banking_en user:John sessionId:d10-ZZ6CVDFZ5HKP clientIP:0:0:0:0:0:0:0:1 task:getTransactions TYPE:GroovyAction@541510a5
Sat Jul 18 17:07:40 IST 2020 domain:banking_en user:John sessionId:d11-UUY6TODN9NG1 clientIP:0:0:0:0:0:0:0:1 task:getTransactions TYPE:GroovyAction@5f5f395d
Sat Jul 18 17:11:22 IST 2020 domain:banking_en user:John sessionId:d12-YTDETTZ8SAAC clientIP:0:0:0:0:0:0:0:1 task:getTransactions TYPE:GroovyAction@3669d311
Sat Jul 18 17:15:51 IST 2020 domain:banking_en user:John sessionId:d14-W3UWTH2EH2TA clientIP:0:0:0:0:0:0:0:1 task:getTransactions TYPE:GroovyAction@7724f483
Sat Jul 18 17:20:28 IST 2020 domain:banking_en user:John sessionId:d16-T5AW9LQ5DRCC clientIP:0:0:0:0:0:0:0:1 task:getTransactions TYPE:GroovyAction@758c52cd
Sat Jul 18 17:23:43 IST 2020 domain:banking_en user:John sessionId:d17-HOT3GZ6AECVS clientIP:0:0:0:0:0:0:0:1 task:getTransactions TYPE:GroovyAction@74d232a7
Sat Jul 18 17:30:22 IST 2020 domain:banking_en user:John sessionId:d18-QHBRIKSPGEER clientIP:0:0:0:0:0:0:0:1 task:getTransactions TYPE:GroovyAction@55e65d6
Sat Jul 18 17:34:22 IST 2020 domain:banking_en user:John sessionId:d19-OGUELY6RTVJR clientIP:0:0:0:0:0:0:0:1 task:getTransactions TYPE:GroovyAction@7b8fab70
Sat Jul 18 17:37:48 IST 2020 domain:banking_en user:John sessionId:d20-OUCOKGRTFHJ4 clientIP:0:0:0:0:0:0:0:1 task:getTransactions TYPE:GroovyAction@631eda06
Sat Jul 18 17:39:18 IST 2020 domain:banking_en user:John sessionId:d21-PWZQFZT9YRXB clientIP:0:0:0:0:0:0:0:1 task:getTransactions TYPE:GroovyAction@ed8e533
Sat Jul 18 17:40:27 IST 2020 domain:banking_en user:John sessionId:d22-MUYSZ9VOXFLK clientIP:0:0:0:0:0:0:0:1 task:getTransactions TYPE:GroovyAction@4a12bd4c
Sat Jul 18 17:49:06 IST 2020 domain:banking_en user:John sessionId:d23-MFFWJOEO0CC7 clientIP:0:0:0:0:0:0:0:1 task:getTransactions TYPE:GroovyAction@4c2273a1
Sat Jul 18 17:52:48 IST 2020 domain:banking_en user:John sessionId:d24-T8TQJQ1PIJME clientIP:0:0:0:0:0:0:0:1 task:getTransactions TYPE:GroovyAction@43903789
Sat Jul 18 18:19:33 IST 2020 domain:banking_en user:John sessionId:d27-J12YCPSFI7A3 clientIP:0:0:0:0:0:0:0:1 task:getTransactions TYPE:GroovyAction@125a9769
Sat Jul 18 18:21:23 IST 2020 domain:banking_en user:John sessionId:d28-SWGDDGRZZ8EI clientIP:0:0:0:0:0:0:0:1 task:getTransactions TYPE:GroovyAction@71eca67b
Sat Jul 18 18:33:32 IST 2020 domain:banking_en user:John sessionId:d29-SJTZSXFGOUXX clientIP:0:0:0:0:0:0:0:1 task:getTransactions TYPE:GroovyAction@209fb668
Sat Jul 18 18:34:59 IST 2020 domain:banking_en user:John sessionId:d30-KJGCHOGNV925 clientIP:0:0:0:0:0:0:0:1 task:getTransactions TYPE:GroovyAction@742c71fa
Sat Jul 18 18:37:28 IST 2020 domain:banking_en user:John sessionId:d32-7BJ1ZDXFGOYX clientIP:0:0:0:0:0:0:0:1 task:getTransactions TYPE:GroovyAction@65d74d98
Sat Jul 18 18:40:41 IST 2020 domain:banking_en user:John sessionId:d33-2Q4VOUORDMTZ clientIP:0:0:0:0:0:0:0:1 task:getTransactions TYPE:GroovyAction@38a038e2
Sat Jul 18 18:45:24 IST 2020 domain:banking_en user:John sessionId:d34-99HUDOZSKYBM clientIP:0:0:0:0:0:0:0:1 task:getTransactions TYPE:GroovyAction@79d58b67
Sat Jul 18 18:47:06 IST 2020 domain:banking_en user:John sessionId:d35-CFD6FCKKDOBZ clientIP:0:0:0:0:0:0:0:1 task:getTransactions TYPE:GroovyAction@73985756
Sat Jul 18 18:48:26 IST 2020 domain:banking_en user:John sessionId:d36-I2MKD2QBIXXR clientIP:0:0:0:0:0:0:0:1 task:getTransactions TYPE:GroovyAction@5ef9e9d0
Sat Jul 18 18:50:46 IST 2020 domain:banking_en user:John sessionId:d37-MD0L3NF8DSIB clientIP:0:0:0:0:0:0:0:1 task:getTransactions TYPE:GroovyAction@5e14d36a
Sat Jul 18 18:53:20 IST 2020 domain:banking_en user:John sessionId:d38-XYCUZKCSRMYH clientIP:0:0:0:0:0:0:0:1 task:getTransactions TYPE:GroovyAction@1b91c6ce
Sat Jul 18 19:01:28 IST 2020 domain:banking_en user:John sessionId:d39-87UMYZ4S78BH clientIP:0:0:0:0:0:0:0:1 task:getTransactions TYPE:GroovyAction@4dd8642b
Sat Jul 18 19:05:32 IST 2020 domain:banking_en user:John sessionId:d41-NAMIQ9HHSUS5 clientIP:0:0:0:0:0:0:0:1 task:cancelTask TYPE:GroovyAction@3d2f8e52
Sat Jul 18 19:06:02 IST 2020 domain:banking_en user:John sessionId:d41-NAMIQ9HHSUS5 clientIP:0:0:0:0:0:0:0:1 task:fundTransfer TYPE:GroovyAction@6497cb3e
Sat Jul 18 19:06:19 IST 2020 domain:banking_en user:John sessionId:d41-NAMIQ9HHSUS5 clientIP:0:0:0:0:0:0:0:1 task:getTransactions TYPE:GroovyAction@31476bb8
Sat Jul 18 19:12:26 IST 2020 domain:banking_en user:John sessionId:d42-FXOAIYTLR3RZ clientIP:0:0:0:0:0:0:0:1 task:getTransactions TYPE:GroovyAction@b6d4729
Sat Jul 18 19:18:14 IST 2020 domain:banking_en user:John sessionId:d43-QSU94OSYDCUI clientIP:0:0:0:0:0:0:0:1 task:getTransactions TYPE:GroovyAction@1ed0a7d7
Sat Jul 18 19:21:11 IST 2020 domain:banking_en user:John sessionId:d44-PJG0TRQ5SXPG clientIP:0:0:0:0:0:0:0:1 task:getTransactions TYPE:GroovyAction@5b3b22b4
Sat Jul 18 19:38:06 IST 2020 domain:banking_en user:John sessionId:d47-IARNVJPXCYOA clientIP:0:0:0:0:0:0:0:1 task:getTransactions TYPE:GroovyAction@6ec62594
Sat Jul 18 19:38:50 IST 2020 domain:banking_en user:John sessionId:d48-NGPTD7DHOHWG clientIP:0:0:0:0:0:0:0:1 task:getTransactions TYPE:GroovyAction@5ead778e
Sat Jul 18 19:45:04 IST 2020 domain:banking_en user:John sessionId:d49-QNFURYTWGP1X clientIP:0:0:0:0:0:0:0:1 task:getTransactions TYPE:GroovyAction@1999674e
Sat Jul 18 20:13:10 IST 2020 domain:banking_en user:John sessionId:d54-LQTXIFWUIRXR clientIP:0:0:0:0:0:0:0:1 task:getTransactions TYPE:GroovyAction@52d02559
Sat Jul 18 20:14:36 IST 2020 domain:banking_en user:John sessionId:d55-AQQHN9G7TH8E clientIP:0:0:0:0:0:0:0:1 task:getTransactions TYPE:GroovyAction@33f1c797
Sat Jul 18 20:32:50 IST 2020 domain:banking_en user:John sessionId:d56-LCKHKOCYAAOF clientIP:0:0:0:0:0:0:0:1 task:getTransactions TYPE:GroovyAction@48a1a45e
Sat Jul 18 20:34:03 IST 2020 domain:banking_en user:John sessionId:d57-JCN2YY87WR3Y clientIP:0:0:0:0:0:0:0:1 task:getTransactions TYPE:GroovyAction@7589a1a8
Sat Jul 18 20:37:35 IST 2020 domain:banking_en user:John sessionId:d58-KFKHIB1IAZAG clientIP:0:0:0:0:0:0:0:1 task:getTransactions TYPE:GroovyAction@4148e53a
Sat Jul 18 20:46:18 IST 2020 domain:banking_en user:John sessionId:d59-BA34WC3ZTKU9 clientIP:0:0:0:0:0:0:0:1 task:getTransactions TYPE:GroovyAction@81ffb0b
Sat Jul 18 21:26:10 IST 2020 domain:banking_en user:John sessionId:d61-CGFWPDW4BZWF clientIP:0:0:0:0:0:0:0:1 task:getTransactions TYPE:GroovyAction@1e85d92e
Sat Jul 18 21:28:12 IST 2020 domain:banking_en user:John sessionId:d63-GOPUPLUXEAYK clientIP:0:0:0:0:0:0:0:1 task:getTransactions TYPE:GroovyAction@7b5145e4
Sat Jul 18 21:31:09 IST 2020 domain:banking_en user:John sessionId:d64-AQ76HHZ2DJJT clientIP:0:0:0:0:0:0:0:1 task:getTransactions TYPE:GroovyAction@6185d16d
Sat Jul 18 21:33:01 IST 2020 domain:banking_en user:John sessionId:d65-W8URZSGWIVXK clientIP:0:0:0:0:0:0:0:1 task:getTransactions TYPE:GroovyAction@fab65ae
Sat Jul 18 21:35:25 IST 2020 domain:banking_en user:John sessionId:d66-SXOMRAQR1RPH clientIP:0:0:0:0:0:0:0:1 task:getTransactions TYPE:GroovyAction@65b7ac98
Sat Jul 18 21:37:02 IST 2020 domain:banking_en user:John sessionId:d67-LMQI2UVEFPJD clientIP:0:0:0:0:0:0:0:1 task:getTransactions TYPE:GroovyAction@2cb089ac
Sat Jul 18 21:39:51 IST 2020 domain:banking_en user:John sessionId:d68-AL9L4FCOLMAZ clientIP:0:0:0:0:0:0:0:1 task:getTransactions TYPE:GroovyAction@3b1fc1b3
Sat Jul 18 21:42:02 IST 2020 domain:banking_en user:John sessionId:d69-PP28GNQV3MNT clientIP:0:0:0:0:0:0:0:1 task:getTransactions TYPE:GroovyAction@13003d21
Sat Jul 18 21:43:47 IST 2020 domain:banking_en user:John sessionId:d70-XBRLTORQYF1M clientIP:0:0:0:0:0:0:0:1 task:getTransactions TYPE:GroovyAction@1c5bb66c
Sat Jul 18 21:44:59 IST 2020 domain:banking_en user:John sessionId:d71-DBBJXIW7R5HU clientIP:0:0:0:0:0:0:0:1 task:getTransactions TYPE:GroovyAction@43a469b9
Sat Jul 18 21:46:58 IST 2020 domain:banking_en user:John sessionId:d73-ORFY8GZXXVKS clientIP:0:0:0:0:0:0:0:1 task:getTransactions TYPE:GroovyAction@22509dad
Sat Jul 18 21:50:25 IST 2020 domain:banking_en user:John sessionId:d74-Z6QQ6CIMNGPU clientIP:0:0:0:0:0:0:0:1 task:getTransactions TYPE:GroovyAction@2c27c2a
Sat Jul 18 21:53:43 IST 2020 domain:banking_en user:John sessionId:d75-BKZKVBDKIZH3 clientIP:0:0:0:0:0:0:0:1 task:getTransactions TYPE:GroovyAction@4c388180
Sat Jul 18 21:58:47 IST 2020 domain:banking_en user:John sessionId:d76-WCWZIQL7XYF5 clientIP:0:0:0:0:0:0:0:1 task:getTransactions TYPE:GroovyAction@406cb00f
Sat Jul 18 22:00:16 IST 2020 domain:banking_en user:John sessionId:d77-PDXFQOATPV7X clientIP:0:0:0:0:0:0:0:1 task:getTransactions TYPE:GroovyAction@2e5ed7c9
Sat Jul 18 22:01:50 IST 2020 domain:banking_en user:John sessionId:d78-DJ66RGQGZ99S clientIP:0:0:0:0:0:0:0:1 task:getTransactions TYPE:GroovyAction@29c59496
Sat Jul 18 22:02:29 IST 2020 domain:banking_en user:John sessionId:d79-WE6FUCVDN5NT clientIP:0:0:0:0:0:0:0:1 task:getTransactions TYPE:GroovyAction@5b5b6852
Sat Jul 18 22:03:07 IST 2020 domain:banking_en user:John sessionId:d80-QWGU3CLX9PGG clientIP:0:0:0:0:0:0:0:1 task:getTransactions TYPE:GroovyAction@71ea86e2
Sat Jul 18 22:04:23 IST 2020 domain:banking_en user:John sessionId:d81-AUWIXMBAHYEE clientIP:0:0:0:0:0:0:0:1 task:getTransactions TYPE:GroovyAction@2cc0c5b5
Sat Jul 18 22:04:47 IST 2020 domain:banking_en user:John sessionId:d81-AUWIXMBAHYEE clientIP:0:0:0:0:0:0:0:1 task:cancelTask TYPE:GroovyAction@5293d58
Sat Jul 18 22:05:00 IST 2020 domain:banking_en user:John sessionId:d81-AUWIXMBAHYEE clientIP:0:0:0:0:0:0:0:1 task:getTransactions TYPE:GroovyAction@2cc0c5b5
Sat Jul 18 22:06:52 IST 2020 domain:banking_en user:John sessionId:d82-SKY4O2NWAJIR clientIP:0:0:0:0:0:0:0:1 task:getTransactions TYPE:GroovyAction@c559bba
Sat Jul 18 22:07:18 IST 2020 domain:banking_en user:John sessionId:d82-SKY4O2NWAJIR clientIP:0:0:0:0:0:0:0:1 task:getTransactions TYPE:GroovyAction@c559bba
Sat Jul 18 22:09:07 IST 2020 domain:banking_en user:John sessionId:d83-GBZXJCMLPTAV clientIP:0:0:0:0:0:0:0:1 task:fundTransfer TYPE:GroovyAction@3617d1c0
Sat Jul 18 22:09:24 IST 2020 domain:banking_en user:John sessionId:d83-GBZXJCMLPTAV clientIP:0:0:0:0:0:0:0:1 task:getTransactions TYPE:GroovyAction@78284659
Sat Jul 18 22:10:39 IST 2020 domain:banking_en user:John sessionId:d84-QETQFOV75IMK clientIP:0:0:0:0:0:0:0:1 task:getTransactions TYPE:GroovyAction@3fc9a39f
Sat Jul 18 22:10:59 IST 2020 domain:banking_en user:John sessionId:d84-QETQFOV75IMK clientIP:0:0:0:0:0:0:0:1 task:getTransactions TYPE:GroovyAction@3fc9a39f
Sat Jul 18 22:11:16 IST 2020 domain:banking_en user:John sessionId:d84-QETQFOV75IMK clientIP:0:0:0:0:0:0:0:1 task:getTransactions TYPE:GroovyAction@3fc9a39f
Sat Jul 18 22:13:34 IST 2020 domain:banking_en user:John sessionId:d85-FYL5GSAHOH8G clientIP:0:0:0:0:0:0:0:1 task:getTransactions TYPE:GroovyAction@5dac4cda
Sat Jul 18 22:16:45 IST 2020 domain:banking_en user:John sessionId:d86-P2SYYGJC29AA clientIP:0:0:0:0:0:0:0:1 task:getTransactions TYPE:GroovyAction@329cd32d
Sat Jul 18 22:17:33 IST 2020 domain:banking_en user:John sessionId:d87-XIN8IAZED0R9 clientIP:0:0:0:0:0:0:0:1 task:getTransactions TYPE:GroovyAction@6f233cbc
Sat Jul 18 22:19:27 IST 2020 domain:banking_en user:John sessionId:d88-OGKKNKU8VE7U clientIP:0:0:0:0:0:0:0:1 task:getTransactions TYPE:GroovyAction@6927cff2
Sat Jul 18 22:21:07 IST 2020 domain:banking_en user:John sessionId:d89-KUNJT8EASTQP clientIP:0:0:0:0:0:0:0:1 task:getTransactions TYPE:GroovyAction@14471ac
Sat Jul 18 22:24:19 IST 2020 domain:banking_en user:John sessionId:d90-ATVIKVPTLMJ4 clientIP:0:0:0:0:0:0:0:1 task:getTransactions TYPE:GroovyAction@c7f4502
Sat Jul 18 22:30:49 IST 2020 domain:banking_en user:John sessionId:d91-K3XB5QOAS5KX clientIP:0:0:0:0:0:0:0:1 task:getTransactions TYPE:GroovyAction@201ef5be
Sat Jul 18 22:33:30 IST 2020 domain:banking_en user:John sessionId:d92-HHBLKCF3IKFX clientIP:0:0:0:0:0:0:0:1 task:getTransactions TYPE:GroovyAction@4ec4e515
Sat Jul 18 22:37:43 IST 2020 domain:banking_en user:John sessionId:d93-T2NGPWYSOEHV clientIP:0:0:0:0:0:0:0:1 task:getTransactions TYPE:GroovyAction@4d89ca
Sat Jul 18 22:38:43 IST 2020 domain:banking_en user:John sessionId:d93-T2NGPWYSOEHV clientIP:0:0:0:0:0:0:0:1 task:fundTransfer TYPE:GroovyAction@4e555b4c
Sat Jul 18 22:38:52 IST 2020 domain:banking_en user:John sessionId:d93-T2NGPWYSOEHV clientIP:0:0:0:0:0:0:0:1 task:getTransactions TYPE:GroovyAction@4d89ca
