Thu Jul 30 09:49:26 IST 2020 domain:test user:test sessionId: clientIP: task:test TYPE:GroovyAction@17497425
Thu Jul 30 09:49:30 IST 2020 domain:test user:test sessionId: clientIP: task:stepProcessor TYPE:GroovyAction@45815ffc
Thu Jul 30 09:50:46 IST 2020 domain:test user:test sessionId: clientIP: task:test TYPE:GroovyAction@17497425
Thu Jul 30 09:50:50 IST 2020 domain:test user:test sessionId: clientIP: task:stepProcessor TYPE:GroovyAction@45815ffc
Thu Jul 30 09:50:54 IST 2020 domain:test user:test sessionId: clientIP: task:stepProcessor TYPE:GroovyAction@45815ffc
Thu Jul 30 09:50:56 IST 2020 domain:test user:test sessionId: clientIP: task:stepProcessor TYPE:GroovyAction@45815ffc
Thu Jul 30 09:50:58 IST 2020 domain:test user:test sessionId: clientIP: task:stepProcessor TYPE:GroovyAction@45815ffc
Thu Jul 30 09:51:00 IST 2020 domain:test user:test sessionId: clientIP: task:stepProcessor TYPE:GroovyAction@45815ffc
Thu Jul 30 09:51:01 IST 2020 domain:test user:test sessionId: clientIP: task:stepProcessor TYPE:GroovyAction@45815ffc
Thu Jul 30 09:51:03 IST 2020 domain:test user:test sessionId: clientIP: task:stepProcessor TYPE:GroovyAction@45815ffc
Thu Jul 30 09:51:04 IST 2020 domain:test user:test sessionId: clientIP: task:stepProcessor TYPE:GroovyAction@45815ffc
Thu Jul 30 09:51:06 IST 2020 domain:test user:test sessionId: clientIP: task:stepProcessor TYPE:GroovyAction@45815ffc
Thu Jul 30 09:51:08 IST 2020 domain:test user:test sessionId: clientIP: task:stepProcessor TYPE:GroovyAction@45815ffc
Thu Jul 30 09:51:10 IST 2020 domain:test user:test sessionId: clientIP: task:stepProcessor TYPE:GroovyAction@45815ffc
Thu Jul 30 10:02:04 IST 2020 domain:test user:test sessionId: clientIP: task:test TYPE:GroovyAction@53ce1329
Thu Jul 30 10:02:07 IST 2020 domain:test user:test sessionId: clientIP: task:stepProcessor TYPE:GroovyAction@d3957fe
Thu Jul 30 10:02:09 IST 2020 domain:test user:test sessionId: clientIP: task:stepProcessor TYPE:GroovyAction@d3957fe
Thu Jul 30 10:02:12 IST 2020 domain:test user:test sessionId: clientIP: task:stepProcessor TYPE:GroovyAction@d3957fe
Thu Jul 30 10:02:25 IST 2020 domain:test user:test sessionId: clientIP: task:stepProcessor TYPE:GroovyAction@d3957fe
Thu Jul 30 10:02:57 IST 2020 domain:test user:test sessionId: clientIP: task:stepProcessor TYPE:GroovyAction@d3957fe
Thu Jul 30 10:03:05 IST 2020 domain:test user:test sessionId: clientIP: task:stepProcessor TYPE:GroovyAction@d3957fe
Thu Jul 30 10:09:03 IST 2020 domain:test user:test sessionId: clientIP: task:test TYPE:GroovyAction@53ce1329
Thu Jul 30 10:09:07 IST 2020 domain:test user:test sessionId: clientIP: task:stepProcessor TYPE:GroovyAction@299321e2
Thu Jul 30 10:09:27 IST 2020 domain:test user:test sessionId: clientIP: task:stepProcessor TYPE:GroovyAction@299321e2
Thu Jul 30 10:09:32 IST 2020 domain:test user:test sessionId: clientIP: task:stepProcessor TYPE:GroovyAction@299321e2
Thu Jul 30 10:11:22 IST 2020 domain:test user:test sessionId: clientIP: task:test TYPE:GroovyAction@53ce1329
Thu Jul 30 10:11:25 IST 2020 domain:test user:test sessionId: clientIP: task:stepProcessor TYPE:GroovyAction@23fb172e
Thu Jul 30 10:11:28 IST 2020 domain:test user:test sessionId: clientIP: task:stepProcessor TYPE:GroovyAction@23fb172e
Thu Jul 30 10:11:29 IST 2020 domain:test user:test sessionId: clientIP: task:stepProcessor TYPE:GroovyAction@23fb172e
Thu Jul 30 10:11:31 IST 2020 domain:test user:test sessionId: clientIP: task:stepProcessor TYPE:GroovyAction@23fb172e
Thu Jul 30 10:11:33 IST 2020 domain:test user:test sessionId: clientIP: task:stepProcessor TYPE:GroovyAction@23fb172e
Thu Jul 30 10:11:48 IST 2020 domain:test user:test sessionId: clientIP: task:stepProcessor TYPE:GroovyAction@23fb172e
Thu Jul 30 10:11:52 IST 2020 domain:test user:test sessionId: clientIP: task:stepProcessor TYPE:GroovyAction@23fb172e
Thu Jul 30 19:17:17 IST 2020 domain:it_support user:John sessionId:d1-XK24XY1XTKIT clientIP:127.0.0.1 task:menu TYPE:GroovyAction@79fbbae8
Thu Jul 30 19:17:33 IST 2020 domain:it_support user:John sessionId:d1-XK24XY1XTKIT clientIP:127.0.0.1 task:ServiceRequest TYPE:GroovyAction@612450ed
Thu Jul 30 19:17:51 IST 2020 domain:it_support user:John sessionId:d1-XK24XY1XTKIT clientIP:127.0.0.1 task:PasswordReset TYPE:GroovyAction@66712dc2
