Mon Jul 20 00:00:06 IST 2020 domain:test user:test sessionId: clientIP: task:test TYPE:GroovyAction@ffaa6af
Mon Jul 20 00:00:08 IST 2020 domain:test user:test sessionId: clientIP: task:EVT_getARReady TYPE:GroovyAction@4b672daa
Mon Jul 20 00:04:27 IST 2020 domain:test user:test sessionId: clientIP: task:test TYPE:GroovyAction@ffaa6af
Mon Jul 20 00:04:29 IST 2020 domain:test user:test sessionId: clientIP: task:EVT_getARReady TYPE:GroovyAction@4b672daa
Mon Jul 20 00:06:02 IST 2020 domain:test user:test sessionId: clientIP: task:test TYPE:GroovyAction@ffaa6af
Mon Jul 20 00:06:03 IST 2020 domain:test user:test sessionId: clientIP: task:EVT_getARReady TYPE:GroovyAction@726e5805
Mon Jul 20 00:07:01 IST 2020 domain:test user:test sessionId: clientIP: task:test TYPE:GroovyAction@ffaa6af
Mon Jul 20 00:07:03 IST 2020 domain:test user:test sessionId: clientIP: task:EVT_getARReady TYPE:GroovyAction@726e5805
Mon Jul 20 00:11:52 IST 2020 domain:test user:test sessionId: clientIP: task:test TYPE:GroovyAction@ffaa6af
Mon Jul 20 00:11:54 IST 2020 domain:test user:test sessionId: clientIP: task:EVT_getARReady TYPE:GroovyAction@4b672daa
Mon Jul 20 00:15:28 IST 2020 domain:test user:test sessionId: clientIP: task:test TYPE:GroovyAction@31fa1761
Mon Jul 20 00:15:30 IST 2020 domain:test user:test sessionId: clientIP: task:EVT_getARReady TYPE:GroovyAction@ed3068a
Mon Jul 20 00:16:12 IST 2020 domain:test user:test sessionId: clientIP: task:test TYPE:GroovyAction@ffaa6af
Mon Jul 20 00:16:13 IST 2020 domain:test user:test sessionId: clientIP: task:EVT_getARReady TYPE:GroovyAction@726e5805
Mon Jul 20 00:17:31 IST 2020 domain:test user:test sessionId: clientIP: task:test TYPE:GroovyAction@ffaa6af
Mon Jul 20 00:17:32 IST 2020 domain:test user:test sessionId: clientIP: task:EVT_getARReady TYPE:GroovyAction@4b672daa
Mon Jul 20 00:18:33 IST 2020 domain:test user:test sessionId: clientIP: task:test TYPE:GroovyAction@ffaa6af
Mon Jul 20 00:18:35 IST 2020 domain:test user:test sessionId: clientIP: task:EVT_getARReady TYPE:GroovyAction@726e5805
Mon Jul 20 00:18:41 IST 2020 domain:test user:test sessionId: clientIP: task:EVT_stepProcessor TYPE:GroovyAction@4a8a60bc
Mon Jul 20 00:30:42 IST 2020 domain:test user:test sessionId: clientIP: task:test TYPE:GroovyAction@ffaa6af
Mon Jul 20 00:30:44 IST 2020 domain:test user:test sessionId: clientIP: task:EVT_getARReady TYPE:GroovyAction@4b672daa
Mon Jul 20 00:30:51 IST 2020 domain:test user:test sessionId: clientIP: task:EVT_stepProcessor TYPE:GroovyAction@4a8a60bc
Mon Jul 20 12:04:17 IST 2020 domain:test user:test sessionId: clientIP: task:test TYPE:GroovyAction@ffaa6af
Mon Jul 20 12:04:18 IST 2020 domain:test user:test sessionId: clientIP: task:EVT_getARReady TYPE:GroovyAction@4b672daa
Mon Jul 20 12:04:29 IST 2020 domain:test user:test sessionId: clientIP: task:EVT_stepProcessor TYPE:GroovyAction@4a8a60bc
Mon Jul 20 12:07:21 IST 2020 domain:test user:test sessionId: clientIP: task:test TYPE:GroovyAction@ffaa6af
Mon Jul 20 12:07:26 IST 2020 domain:test user:test sessionId: clientIP: task:EVT_getARReady TYPE:GroovyAction@726e5805
Mon Jul 20 12:07:34 IST 2020 domain:test user:test sessionId: clientIP: task:EVT_stepProcessor TYPE:GroovyAction@4a8a60bc
Mon Jul 20 12:08:45 IST 2020 domain:test user:test sessionId: clientIP: task:test TYPE:GroovyAction@ffaa6af
Mon Jul 20 12:08:46 IST 2020 domain:test user:test sessionId: clientIP: task:EVT_getARReady TYPE:GroovyAction@726e5805
Mon Jul 20 12:08:51 IST 2020 domain:test user:test sessionId: clientIP: task:EVT_stepProcessor TYPE:GroovyAction@4a8a60bc
Mon Jul 20 12:10:11 IST 2020 domain:test user:test sessionId: clientIP: task:test TYPE:GroovyAction@ffaa6af
Mon Jul 20 12:10:13 IST 2020 domain:test user:test sessionId: clientIP: task:EVT_getARReady TYPE:GroovyAction@726e5805
Mon Jul 20 12:10:17 IST 2020 domain:test user:test sessionId: clientIP: task:EVT_stepProcessor TYPE:GroovyAction@4a8a60bc
Mon Jul 20 12:14:55 IST 2020 domain:test user:test sessionId: clientIP: task:test TYPE:GroovyAction@ffaa6af
Mon Jul 20 12:14:58 IST 2020 domain:test user:test sessionId: clientIP: task:EVT_getARReady TYPE:GroovyAction@4b672daa
Mon Jul 20 12:15:01 IST 2020 domain:test user:test sessionId: clientIP: task:EVT_stepProcessor TYPE:GroovyAction@4a8a60bc
Mon Jul 20 12:15:47 IST 2020 domain:test user:test sessionId: clientIP: task:test TYPE:GroovyAction@ffaa6af
Mon Jul 20 12:15:49 IST 2020 domain:test user:test sessionId: clientIP: task:EVT_getARReady TYPE:GroovyAction@4b672daa
Mon Jul 20 12:15:53 IST 2020 domain:test user:test sessionId: clientIP: task:EVT_stepProcessor TYPE:GroovyAction@4a8a60bc
Mon Jul 20 12:16:37 IST 2020 domain:test user:test sessionId: clientIP: task:test TYPE:GroovyAction@ffaa6af
Mon Jul 20 12:16:39 IST 2020 domain:test user:test sessionId: clientIP: task:EVT_getARReady TYPE:GroovyAction@4b672daa
Mon Jul 20 12:16:42 IST 2020 domain:test user:test sessionId: clientIP: task:EVT_stepProcessor TYPE:GroovyAction@4a8a60bc
Mon Jul 20 12:16:47 IST 2020 domain:test user:test sessionId: clientIP: task:EVT_stepProcessor TYPE:GroovyAction@4a8a60bc
Mon Jul 20 12:16:49 IST 2020 domain:test user:test sessionId: clientIP: task:EVT_stepProcessor TYPE:GroovyAction@4a8a60bc
Mon Jul 20 12:16:52 IST 2020 domain:test user:test sessionId: clientIP: task:EVT_stepProcessor TYPE:GroovyAction@4a8a60bc
Mon Jul 20 12:16:54 IST 2020 domain:test user:test sessionId: clientIP: task:EVT_stepProcessor TYPE:GroovyAction@4a8a60bc
Mon Jul 20 12:16:56 IST 2020 domain:test user:test sessionId: clientIP: task:EVT_stepProcessor TYPE:GroovyAction@4a8a60bc
Mon Jul 20 12:16:58 IST 2020 domain:test user:test sessionId: clientIP: task:EVT_stepProcessor TYPE:GroovyAction@4a8a60bc
Mon Jul 20 12:16:59 IST 2020 domain:test user:test sessionId: clientIP: task:EVT_stepProcessor TYPE:GroovyAction@4a8a60bc
Mon Jul 20 12:20:06 IST 2020 domain:test user:test sessionId: clientIP: task:test TYPE:GroovyAction@ffaa6af
Mon Jul 20 12:20:08 IST 2020 domain:test user:test sessionId: clientIP: task:EVT_getARReady TYPE:GroovyAction@4b672daa
Mon Jul 20 12:20:11 IST 2020 domain:test user:test sessionId: clientIP: task:EVT_stepProcessor TYPE:GroovyAction@4a8a60bc
Mon Jul 20 12:20:13 IST 2020 domain:test user:test sessionId: clientIP: task:EVT_stepProcessor TYPE:GroovyAction@4a8a60bc
Mon Jul 20 12:20:15 IST 2020 domain:test user:test sessionId: clientIP: task:EVT_stepProcessor TYPE:GroovyAction@4a8a60bc
Mon Jul 20 12:26:19 IST 2020 domain:test user:john sessionId:d1-KAYITMSXXLHN clientIP:0:0:0:0:0:0:0:1 task:test TYPE:GroovyAction@597fd005
Mon Jul 20 12:26:49 IST 2020 domain:test user:john sessionId:d1-KAYITMSXXLHN clientIP:0:0:0:0:0:0:0:1 task:EVT_getARReady TYPE:GroovyAction@7838db91
Mon Jul 20 12:31:48 IST 2020 domain:test user:John sessionId:d2-DMT1HSEAAD4M clientIP:0:0:0:0:0:0:0:1 task:test TYPE:GroovyAction@356eec45
Mon Jul 20 12:31:52 IST 2020 domain:test user:John sessionId:d2-DMT1HSEAAD4M clientIP:0:0:0:0:0:0:0:1 task:EVT_getARReady TYPE:GroovyAction@122abcd8
Mon Jul 20 12:37:21 IST 2020 domain:test user:John sessionId:d3-A4SBLECQ21JC clientIP:0:0:0:0:0:0:0:1 task:test TYPE:GroovyAction@72fc1fe6
Mon Jul 20 12:37:28 IST 2020 domain:test user:John sessionId:d3-A4SBLECQ21JC clientIP:0:0:0:0:0:0:0:1 task:EVT_getARReady TYPE:GroovyAction@52584727
Mon Jul 20 12:51:58 IST 2020 domain:test user:John sessionId:d1-QSQTT6TQC8IX clientIP:0:0:0:0:0:0:0:1 task:test TYPE:GroovyAction@456129f6
Mon Jul 20 12:52:04 IST 2020 domain:test user:John sessionId:d1-QSQTT6TQC8IX clientIP:0:0:0:0:0:0:0:1 task:EVT_getARReady TYPE:GroovyAction@f016264
Mon Jul 20 12:54:33 IST 2020 domain:test user:John sessionId:d2-KJ1RDRTZNXLS clientIP:0:0:0:0:0:0:0:1 task:test TYPE:GroovyAction@74212b4b
Mon Jul 20 12:54:39 IST 2020 domain:test user:John sessionId:d2-KJ1RDRTZNXLS clientIP:0:0:0:0:0:0:0:1 task:EVT_getARReady TYPE:GroovyAction@25c3c943
Mon Jul 20 12:56:18 IST 2020 domain:test user:John sessionId:d3-URNJVV5PLTEL clientIP:0:0:0:0:0:0:0:1 task:test TYPE:GroovyAction@54305f51
Mon Jul 20 12:56:26 IST 2020 domain:test user:John sessionId:d3-URNJVV5PLTEL clientIP:0:0:0:0:0:0:0:1 task:EVT_getARReady TYPE:GroovyAction@53353ee3
Mon Jul 20 12:56:40 IST 2020 domain:test user:John sessionId:d3-URNJVV5PLTEL clientIP:0:0:0:0:0:0:0:1 task:EVT_stepProcessor TYPE:GroovyAction@1f7daa58
Mon Jul 20 12:56:46 IST 2020 domain:test user:John sessionId:d3-URNJVV5PLTEL clientIP:0:0:0:0:0:0:0:1 task:EVT_stepProcessor TYPE:GroovyAction@1f7daa58
Mon Jul 20 12:58:19 IST 2020 domain:banking_ar user:John sessionId:d1-MNXZXXQV5I5C clientIP:0:0:0:0:0:0:0:1 task:getTransactions TYPE:GroovyAction@e592e91
Mon Jul 20 12:58:42 IST 2020 domain:banking_ar user:John sessionId:d1-MNXZXXQV5I5C clientIP:0:0:0:0:0:0:0:1 task:getTransactions TYPE:GroovyAction@e592e91
Mon Jul 20 12:59:23 IST 2020 domain:banking_ar user:John sessionId:d1-MNXZXXQV5I5C clientIP:0:0:0:0:0:0:0:1 task:getTransactions TYPE:GroovyAction@e592e91
Mon Jul 20 13:01:17 IST 2020 domain:banking_ar user:John sessionId:d2-CRWO27TELEZE clientIP:0:0:0:0:0:0:0:1 task:getTransactions TYPE:GroovyAction@3731d32b
Mon Jul 20 13:23:49 IST 2020 domain:banking_ar user:John sessionId:d3-9MM5CDSHMFMP clientIP:0:0:0:0:0:0:0:1 task:getTransactions TYPE:GroovyAction@45f9264b
Mon Jul 20 13:25:50 IST 2020 domain:banking_ar user:John sessionId:d4-YXMBWKSQRNX1 clientIP:0:0:0:0:0:0:0:1 task:getTransactions TYPE:GroovyAction@5d27ac4d
Mon Jul 20 13:28:46 IST 2020 domain:banking_ar user:John sessionId:d5-RCO8AECYT5Q8 clientIP:0:0:0:0:0:0:0:1 task:getTransactions TYPE:GroovyAction@47c68212
Mon Jul 20 13:30:55 IST 2020 domain:test user:John sessionId:d1-RL7RNDHP2DTP clientIP:0:0:0:0:0:0:0:1 task:test TYPE:GroovyAction@16107dcb
Mon Jul 20 13:31:01 IST 2020 domain:test user:John sessionId:d1-RL7RNDHP2DTP clientIP:0:0:0:0:0:0:0:1 task:EVT_getARReady TYPE:GroovyAction@4cd70bed
Mon Jul 20 13:34:26 IST 2020 domain:test user:John sessionId:d3-WVUK1TUNOGAK clientIP:0:0:0:0:0:0:0:1 task:test TYPE:GroovyAction@3a132ade
Mon Jul 20 13:34:32 IST 2020 domain:test user:John sessionId:d3-WVUK1TUNOGAK clientIP:0:0:0:0:0:0:0:1 task:EVT_getARReady TYPE:GroovyAction@5cc1987b
Mon Jul 20 13:38:01 IST 2020 domain:test user:John sessionId:d4-T7YZOUKRMEHZ clientIP:0:0:0:0:0:0:0:1 task:test TYPE:GroovyAction@a7e8d13
Mon Jul 20 13:38:07 IST 2020 domain:test user:John sessionId:d4-T7YZOUKRMEHZ clientIP:0:0:0:0:0:0:0:1 task:EVT_getARReady TYPE:GroovyAction@7eed77e0
Mon Jul 20 13:38:18 IST 2020 domain:test user:John sessionId:d4-T7YZOUKRMEHZ clientIP:0:0:0:0:0:0:0:1 task:EVT_stepProcessor TYPE:GroovyAction@53bbbf3c
Mon Jul 20 13:39:48 IST 2020 domain:banking_ar user:John sessionId:d1-RZNO74QIRHRU clientIP:0:0:0:0:0:0:0:1 task:getTransactions TYPE:GroovyAction@3855e0ba
Mon Jul 20 21:06:08 IST 2020 domain:test user:test sessionId: clientIP: task:test TYPE:GroovyAction@ffaa6af
Mon Jul 20 21:06:53 IST 2020 domain:test user:test sessionId: clientIP: task:test TYPE:GroovyAction@ffaa6af
Mon Jul 20 21:18:58 IST 2020 domain:test user:test sessionId: clientIP: task:test TYPE:GroovyAction@ffaa6af
Mon Jul 20 21:19:04 IST 2020 domain:test user:test sessionId: clientIP: task:stepProcessor TYPE:GroovyAction@6622fc65
Mon Jul 20 21:20:21 IST 2020 domain:test user:test sessionId: clientIP: task:test TYPE:GroovyAction@ffaa6af
Mon Jul 20 21:20:28 IST 2020 domain:test user:test sessionId: clientIP: task:stepProcessor TYPE:GroovyAction@23fb172e
Mon Jul 20 21:23:29 IST 2020 domain:test user:test sessionId: clientIP: task:test TYPE:GroovyAction@ffaa6af
Mon Jul 20 21:23:32 IST 2020 domain:test user:test sessionId: clientIP: task:stepProcessor TYPE:GroovyAction@23fb172e
Mon Jul 20 21:24:55 IST 2020 domain:test user:test sessionId: clientIP: task:test TYPE:GroovyAction@ffaa6af
Mon Jul 20 21:24:58 IST 2020 domain:test user:test sessionId: clientIP: task:stepProcessor TYPE:GroovyAction@6622fc65
Mon Jul 20 21:25:00 IST 2020 domain:test user:test sessionId: clientIP: task:stepProcessor TYPE:GroovyAction@6622fc65
Mon Jul 20 21:25:02 IST 2020 domain:test user:test sessionId: clientIP: task:stepProcessor TYPE:GroovyAction@6622fc65
Mon Jul 20 21:25:03 IST 2020 domain:test user:test sessionId: clientIP: task:stepProcessor TYPE:GroovyAction@6622fc65
Mon Jul 20 21:25:05 IST 2020 domain:test user:test sessionId: clientIP: task:stepProcessor TYPE:GroovyAction@6622fc65
Mon Jul 20 21:25:08 IST 2020 domain:test user:test sessionId: clientIP: task:stepProcessor TYPE:GroovyAction@6622fc65
Mon Jul 20 21:25:10 IST 2020 domain:test user:test sessionId: clientIP: task:stepProcessor TYPE:GroovyAction@6622fc65
Mon Jul 20 21:25:12 IST 2020 domain:test user:test sessionId: clientIP: task:stepProcessor TYPE:GroovyAction@6622fc65
Mon Jul 20 21:25:15 IST 2020 domain:test user:test sessionId: clientIP: task:stepProcessor TYPE:GroovyAction@6622fc65
Mon Jul 20 21:25:16 IST 2020 domain:test user:test sessionId: clientIP: task:stepProcessor TYPE:GroovyAction@6622fc65
Mon Jul 20 21:25:18 IST 2020 domain:test user:test sessionId: clientIP: task:stepProcessor TYPE:GroovyAction@6622fc65
Mon Jul 20 21:36:44 IST 2020 domain:test user:test sessionId: clientIP: task:test TYPE:GroovyAction@ffaa6af
Mon Jul 20 21:36:47 IST 2020 domain:test user:test sessionId: clientIP: task:stepProcessor TYPE:GroovyAction@23fb172e
Mon Jul 20 21:36:51 IST 2020 domain:test user:test sessionId: clientIP: task:stepProcessor TYPE:GroovyAction@23fb172e
Mon Jul 20 21:36:54 IST 2020 domain:test user:test sessionId: clientIP: task:stepProcessor TYPE:GroovyAction@23fb172e
Mon Jul 20 21:36:56 IST 2020 domain:test user:test sessionId: clientIP: task:stepProcessor TYPE:GroovyAction@23fb172e
Mon Jul 20 21:36:58 IST 2020 domain:test user:test sessionId: clientIP: task:stepProcessor TYPE:GroovyAction@23fb172e
Mon Jul 20 21:36:59 IST 2020 domain:test user:test sessionId: clientIP: task:stepProcessor TYPE:GroovyAction@23fb172e
Mon Jul 20 21:37:01 IST 2020 domain:test user:test sessionId: clientIP: task:stepProcessor TYPE:GroovyAction@23fb172e
Mon Jul 20 21:37:02 IST 2020 domain:test user:test sessionId: clientIP: task:stepProcessor TYPE:GroovyAction@23fb172e
Mon Jul 20 21:37:04 IST 2020 domain:test user:test sessionId: clientIP: task:stepProcessor TYPE:GroovyAction@23fb172e
Mon Jul 20 21:37:06 IST 2020 domain:test user:test sessionId: clientIP: task:stepProcessor TYPE:GroovyAction@23fb172e
Mon Jul 20 21:37:08 IST 2020 domain:test user:test sessionId: clientIP: task:stepProcessor TYPE:GroovyAction@23fb172e
Mon Jul 20 21:37:16 IST 2020 domain:test user:test sessionId: clientIP: task:stepProcessor TYPE:GroovyAction@23fb172e
Mon Jul 20 21:39:15 IST 2020 domain:test user:test sessionId: clientIP: task:test TYPE:GroovyAction@ffaa6af
Mon Jul 20 21:39:18 IST 2020 domain:test user:test sessionId: clientIP: task:stepProcessor TYPE:GroovyAction@6622fc65
Mon Jul 20 21:39:20 IST 2020 domain:test user:test sessionId: clientIP: task:stepProcessor TYPE:GroovyAction@6622fc65
Mon Jul 20 21:39:21 IST 2020 domain:test user:test sessionId: clientIP: task:stepProcessor TYPE:GroovyAction@6622fc65
Mon Jul 20 21:39:24 IST 2020 domain:test user:test sessionId: clientIP: task:stepProcessor TYPE:GroovyAction@6622fc65
Mon Jul 20 21:39:31 IST 2020 domain:test user:test sessionId: clientIP: task:test TYPE:GroovyAction@ffaa6af
Mon Jul 20 21:39:34 IST 2020 domain:test user:test sessionId: clientIP: task:stepProcessor TYPE:GroovyAction@6622fc65
Mon Jul 20 21:39:35 IST 2020 domain:test user:test sessionId: clientIP: task:stepProcessor TYPE:GroovyAction@6622fc65
Mon Jul 20 21:39:37 IST 2020 domain:test user:test sessionId: clientIP: task:stepProcessor TYPE:GroovyAction@6622fc65
Mon Jul 20 21:39:38 IST 2020 domain:test user:test sessionId: clientIP: task:stepProcessor TYPE:GroovyAction@6622fc65
Mon Jul 20 21:39:40 IST 2020 domain:test user:test sessionId: clientIP: task:stepProcessor TYPE:GroovyAction@6622fc65
Mon Jul 20 21:39:41 IST 2020 domain:test user:test sessionId: clientIP: task:stepProcessor TYPE:GroovyAction@6622fc65
Mon Jul 20 21:39:43 IST 2020 domain:test user:test sessionId: clientIP: task:stepProcessor TYPE:GroovyAction@6622fc65
Mon Jul 20 21:39:44 IST 2020 domain:test user:test sessionId: clientIP: task:stepProcessor TYPE:GroovyAction@6622fc65
Mon Jul 20 21:39:46 IST 2020 domain:test user:test sessionId: clientIP: task:stepProcessor TYPE:GroovyAction@6622fc65
Mon Jul 20 21:40:21 IST 2020 domain:test user:test sessionId: clientIP: task:test TYPE:GroovyAction@ffaa6af
Mon Jul 20 21:40:26 IST 2020 domain:test user:test sessionId: clientIP: task:stepProcessor TYPE:GroovyAction@23fb172e
Mon Jul 20 21:40:28 IST 2020 domain:test user:test sessionId: clientIP: task:stepProcessor TYPE:GroovyAction@23fb172e
Mon Jul 20 21:40:31 IST 2020 domain:test user:test sessionId: clientIP: task:stepProcessor TYPE:GroovyAction@23fb172e
Mon Jul 20 21:40:34 IST 2020 domain:test user:test sessionId: clientIP: task:stepProcessor TYPE:GroovyAction@23fb172e
Mon Jul 20 21:59:38 IST 2020 domain:test user:john sessionId:d1-AQYPSSKI7AHK clientIP:0:0:0:0:0:0:0:1 task:test TYPE:GroovyAction@257b884b
Mon Jul 20 22:00:01 IST 2020 domain:test user:john sessionId:d1-AQYPSSKI7AHK clientIP:0:0:0:0:0:0:0:1 task:stepProcessor TYPE:GroovyAction@277b2a35
Mon Jul 20 22:00:06 IST 2020 domain:test user:john sessionId:d1-AQYPSSKI7AHK clientIP:0:0:0:0:0:0:0:1 task:stepProcessor TYPE:GroovyAction@277b2a35
Mon Jul 20 22:05:48 IST 2020 domain:test user:John sessionId:d2-CM0IPGNGYRYF clientIP:0:0:0:0:0:0:0:1 task:test TYPE:GroovyAction@4c0f2706
Mon Jul 20 22:06:52 IST 2020 domain:test user:John sessionId:d2-CM0IPGNGYRYF clientIP:0:0:0:0:0:0:0:1 task:stepProcessor TYPE:GroovyAction@df0c1f0
Mon Jul 20 22:06:58 IST 2020 domain:test user:John sessionId:d2-CM0IPGNGYRYF clientIP:0:0:0:0:0:0:0:1 task:stepProcessor TYPE:GroovyAction@df0c1f0
Mon Jul 20 22:07:02 IST 2020 domain:test user:John sessionId:d2-CM0IPGNGYRYF clientIP:0:0:0:0:0:0:0:1 task:stepProcessor TYPE:GroovyAction@df0c1f0
Mon Jul 20 22:07:07 IST 2020 domain:test user:John sessionId:d2-CM0IPGNGYRYF clientIP:0:0:0:0:0:0:0:1 task:stepProcessor TYPE:GroovyAction@df0c1f0
Mon Jul 20 22:07:15 IST 2020 domain:test user:John sessionId:d2-CM0IPGNGYRYF clientIP:0:0:0:0:0:0:0:1 task:stepProcessor TYPE:GroovyAction@df0c1f0
Mon Jul 20 22:07:19 IST 2020 domain:test user:John sessionId:d2-CM0IPGNGYRYF clientIP:0:0:0:0:0:0:0:1 task:stepProcessor TYPE:GroovyAction@df0c1f0
