Sun Jul 19 08:05:23 IST 2020 domain:banking_ar user:John sessionId:d1-GASFJAVOMZXJ clientIP:0:0:0:0:0:0:0:1 task:getTransactions TYPE:GroovyAction@f54cadf
Sun Jul 19 08:08:34 IST 2020 domain:banking_ar user:test sessionId: clientIP: task:getTransactions TYPE:GroovyAction@7334aada
Sun Jul 19 08:09:37 IST 2020 domain:banking_ar user:test sessionId: clientIP: task:getTransactions TYPE:GroovyAction@61862a7f
Sun Jul 19 08:14:45 IST 2020 domain:banking_ar user:test sessionId: clientIP: task:getTransactions TYPE:GroovyAction@61862a7f
Sun Jul 19 08:17:00 IST 2020 domain:banking_ar user:test sessionId: clientIP: task:getTransactions TYPE:GroovyAction@61862a7f
Sun Jul 19 08:19:02 IST 2020 domain:banking_ar user:test sessionId: clientIP: task:getTransactions TYPE:GroovyAction@14dd9eb7
Sun Jul 19 08:20:24 IST 2020 domain:banking_ar user:test sessionId: clientIP: task:getTransactions TYPE:GroovyAction@61862a7f
Sun Jul 19 08:22:27 IST 2020 domain:banking_ar user:test sessionId: clientIP: task:getTransactions TYPE:GroovyAction@61862a7f
Sun Jul 19 08:24:18 IST 2020 domain:banking_ar user:John sessionId:d1-LFTTUESISRDB clientIP:0:0:0:0:0:0:0:1 task:getTransactions TYPE:GroovyAction@3de78b1a
Sun Jul 19 08:26:42 IST 2020 domain:banking_ar user:John sessionId:d2-5RMHXQUYBSMR clientIP:0:0:0:0:0:0:0:1 task:getTransactions TYPE:GroovyAction@1b0f8294
Sun Jul 19 12:47:41 IST 2020 domain:test user:test sessionId: clientIP: task:test TYPE:GroovyAction@194bcebf
Sun Jul 19 12:54:17 IST 2020 domain:test user:test sessionId: clientIP: task:test TYPE:GroovyAction@194bcebf
Sun Jul 19 12:55:12 IST 2020 domain:test user:test sessionId: clientIP: task:test TYPE:GroovyAction@194bcebf
Sun Jul 19 13:01:19 IST 2020 domain:test user:test sessionId: clientIP: task:test TYPE:GroovyAction@194bcebf
Sun Jul 19 13:03:39 IST 2020 domain:test user:test sessionId: clientIP: task:test TYPE:GroovyAction@194bcebf
Sun Jul 19 13:05:06 IST 2020 domain:test user:test sessionId: clientIP: task:test TYPE:GroovyAction@194bcebf
Sun Jul 19 13:08:13 IST 2020 domain:test user:test sessionId: clientIP: task:test TYPE:GroovyAction@194bcebf
Sun Jul 19 13:10:43 IST 2020 domain:test user:test sessionId: clientIP: task:test TYPE:GroovyAction@194bcebf
Sun Jul 19 13:11:25 IST 2020 domain:test user:test sessionId: clientIP: task:test TYPE:GroovyAction@194bcebf
Sun Jul 19 13:26:55 IST 2020 domain:test user:test sessionId: clientIP: task:test TYPE:GroovyAction@194bcebf
Sun Jul 19 15:01:09 IST 2020 domain:test user:test sessionId: clientIP: task:test TYPE:GroovyAction@f0da945
Sun Jul 19 15:05:00 IST 2020 domain:test user:test sessionId: clientIP: task:test TYPE:GroovyAction@f0da945
Sun Jul 19 15:05:00 IST 2020 domain:test user:test sessionId: clientIP: task:executeStep TYPE:GroovyAction@522a32b1
Sun Jul 19 15:09:26 IST 2020 domain:test user:test sessionId: clientIP: task:test TYPE:GroovyAction@f0da945
Sun Jul 19 15:09:26 IST 2020 domain:test user:test sessionId: clientIP: task:executeStep TYPE:GroovyAction@5e01a982
Sun Jul 19 15:10:15 IST 2020 domain:test user:test sessionId: clientIP: task:test TYPE:GroovyAction@f0da945
Sun Jul 19 15:10:15 IST 2020 domain:test user:test sessionId: clientIP: task:executeStep TYPE:GroovyAction@522a32b1
Sun Jul 19 15:13:14 IST 2020 domain:test user:test sessionId: clientIP: task:test TYPE:GroovyAction@f0da945
Sun Jul 19 15:13:14 IST 2020 domain:test user:test sessionId: clientIP: task:executeStep TYPE:GroovyAction@5e01a982
Sun Jul 19 15:13:14 IST 2020 domain:test user:test sessionId: clientIP: task:executeStep TYPE:GroovyAction@5e01a982
Sun Jul 19 15:13:15 IST 2020 domain:test user:test sessionId: clientIP: task:executeStep TYPE:GroovyAction@5e01a982
Sun Jul 19 15:13:15 IST 2020 domain:test user:test sessionId: clientIP: task:executeStep TYPE:GroovyAction@5e01a982
Sun Jul 19 15:13:15 IST 2020 domain:test user:test sessionId: clientIP: task:executeStep TYPE:GroovyAction@5e01a982
Sun Jul 19 15:13:15 IST 2020 domain:test user:test sessionId: clientIP: task:executeStep TYPE:GroovyAction@5e01a982
Sun Jul 19 15:13:15 IST 2020 domain:test user:test sessionId: clientIP: task:executeStep TYPE:GroovyAction@5e01a982
Sun Jul 19 15:13:15 IST 2020 domain:test user:test sessionId: clientIP: task:executeStep TYPE:GroovyAction@5e01a982
Sun Jul 19 15:13:15 IST 2020 domain:test user:test sessionId: clientIP: task:executeStep TYPE:GroovyAction@5e01a982
Sun Jul 19 15:13:15 IST 2020 domain:test user:test sessionId: clientIP: task:executeStep TYPE:GroovyAction@5e01a982
Sun Jul 19 15:13:15 IST 2020 domain:test user:test sessionId: clientIP: task:executeStep TYPE:GroovyAction@5e01a982
Sun Jul 19 15:13:15 IST 2020 domain:test user:test sessionId: clientIP: task:executeStep TYPE:GroovyAction@5e01a982
Sun Jul 19 15:13:15 IST 2020 domain:test user:test sessionId: clientIP: task:executeStep TYPE:GroovyAction@5e01a982
Sun Jul 19 15:13:15 IST 2020 domain:test user:test sessionId: clientIP: task:executeStep TYPE:GroovyAction@5e01a982
Sun Jul 19 15:13:15 IST 2020 domain:test user:test sessionId: clientIP: task:executeStep TYPE:GroovyAction@5e01a982
Sun Jul 19 15:13:15 IST 2020 domain:test user:test sessionId: clientIP: task:executeStep TYPE:GroovyAction@5e01a982
Sun Jul 19 15:13:15 IST 2020 domain:test user:test sessionId: clientIP: task:executeStep TYPE:GroovyAction@5e01a982
Sun Jul 19 15:13:15 IST 2020 domain:test user:test sessionId: clientIP: task:executeStep TYPE:GroovyAction@5e01a982
Sun Jul 19 15:13:15 IST 2020 domain:test user:test sessionId: clientIP: task:executeStep TYPE:GroovyAction@5e01a982
Sun Jul 19 15:13:15 IST 2020 domain:test user:test sessionId: clientIP: task:executeStep TYPE:GroovyAction@5e01a982
Sun Jul 19 15:13:15 IST 2020 domain:test user:test sessionId: clientIP: task:executeStep TYPE:GroovyAction@5e01a982
Sun Jul 19 15:13:15 IST 2020 domain:test user:test sessionId: clientIP: task:executeStep TYPE:GroovyAction@5e01a982
Sun Jul 19 15:13:15 IST 2020 domain:test user:test sessionId: clientIP: task:executeStep TYPE:GroovyAction@5e01a982
Sun Jul 19 15:13:16 IST 2020 domain:test user:test sessionId: clientIP: task:executeStep TYPE:GroovyAction@5e01a982
Sun Jul 19 15:13:16 IST 2020 domain:test user:test sessionId: clientIP: task:executeStep TYPE:GroovyAction@5e01a982
Sun Jul 19 15:13:16 IST 2020 domain:test user:test sessionId: clientIP: task:executeStep TYPE:GroovyAction@5e01a982
Sun Jul 19 15:13:16 IST 2020 domain:test user:test sessionId: clientIP: task:executeStep TYPE:GroovyAction@5e01a982
Sun Jul 19 15:13:16 IST 2020 domain:test user:test sessionId: clientIP: task:executeStep TYPE:GroovyAction@5e01a982
Sun Jul 19 15:13:16 IST 2020 domain:test user:test sessionId: clientIP: task:executeStep TYPE:GroovyAction@5e01a982
Sun Jul 19 15:13:16 IST 2020 domain:test user:test sessionId: clientIP: task:executeStep TYPE:GroovyAction@5e01a982
Sun Jul 19 15:13:16 IST 2020 domain:test user:test sessionId: clientIP: task:executeStep TYPE:GroovyAction@5e01a982
Sun Jul 19 15:13:16 IST 2020 domain:test user:test sessionId: clientIP: task:executeStep TYPE:GroovyAction@5e01a982
Sun Jul 19 15:13:16 IST 2020 domain:test user:test sessionId: clientIP: task:executeStep TYPE:GroovyAction@5e01a982
Sun Jul 19 15:13:16 IST 2020 domain:test user:test sessionId: clientIP: task:executeStep TYPE:GroovyAction@5e01a982
Sun Jul 19 15:13:16 IST 2020 domain:test user:test sessionId: clientIP: task:executeStep TYPE:GroovyAction@5e01a982
Sun Jul 19 15:13:16 IST 2020 domain:test user:test sessionId: clientIP: task:executeStep TYPE:GroovyAction@5e01a982
Sun Jul 19 15:13:16 IST 2020 domain:test user:test sessionId: clientIP: task:executeStep TYPE:GroovyAction@5e01a982
Sun Jul 19 15:13:16 IST 2020 domain:test user:test sessionId: clientIP: task:executeStep TYPE:GroovyAction@5e01a982
Sun Jul 19 15:13:16 IST 2020 domain:test user:test sessionId: clientIP: task:executeStep TYPE:GroovyAction@5e01a982
Sun Jul 19 15:13:16 IST 2020 domain:test user:test sessionId: clientIP: task:executeStep TYPE:GroovyAction@5e01a982
Sun Jul 19 15:13:16 IST 2020 domain:test user:test sessionId: clientIP: task:executeStep TYPE:GroovyAction@5e01a982
Sun Jul 19 15:13:16 IST 2020 domain:test user:test sessionId: clientIP: task:executeStep TYPE:GroovyAction@5e01a982
Sun Jul 19 15:13:16 IST 2020 domain:test user:test sessionId: clientIP: task:executeStep TYPE:GroovyAction@5e01a982
Sun Jul 19 15:13:16 IST 2020 domain:test user:test sessionId: clientIP: task:executeStep TYPE:GroovyAction@5e01a982
Sun Jul 19 15:13:16 IST 2020 domain:test user:test sessionId: clientIP: task:executeStep TYPE:GroovyAction@5e01a982
Sun Jul 19 15:13:16 IST 2020 domain:test user:test sessionId: clientIP: task:executeStep TYPE:GroovyAction@5e01a982
Sun Jul 19 15:13:17 IST 2020 domain:test user:test sessionId: clientIP: task:executeStep TYPE:GroovyAction@5e01a982
Sun Jul 19 15:13:17 IST 2020 domain:test user:test sessionId: clientIP: task:executeStep TYPE:GroovyAction@5e01a982
Sun Jul 19 15:13:17 IST 2020 domain:test user:test sessionId: clientIP: task:executeStep TYPE:GroovyAction@5e01a982
Sun Jul 19 15:13:17 IST 2020 domain:test user:test sessionId: clientIP: task:executeStep TYPE:GroovyAction@5e01a982
Sun Jul 19 15:13:17 IST 2020 domain:test user:test sessionId: clientIP: task:executeStep TYPE:GroovyAction@5e01a982
Sun Jul 19 15:13:17 IST 2020 domain:test user:test sessionId: clientIP: task:executeStep TYPE:GroovyAction@5e01a982
Sun Jul 19 15:13:17 IST 2020 domain:test user:test sessionId: clientIP: task:executeStep TYPE:GroovyAction@5e01a982
Sun Jul 19 15:13:17 IST 2020 domain:test user:test sessionId: clientIP: task:executeStep TYPE:GroovyAction@5e01a982
Sun Jul 19 15:13:17 IST 2020 domain:test user:test sessionId: clientIP: task:executeStep TYPE:GroovyAction@5e01a982
Sun Jul 19 15:13:17 IST 2020 domain:test user:test sessionId: clientIP: task:executeStep TYPE:GroovyAction@5e01a982
Sun Jul 19 15:13:17 IST 2020 domain:test user:test sessionId: clientIP: task:executeStep TYPE:GroovyAction@5e01a982
Sun Jul 19 15:13:17 IST 2020 domain:test user:test sessionId: clientIP: task:executeStep TYPE:GroovyAction@5e01a982
Sun Jul 19 15:13:17 IST 2020 domain:test user:test sessionId: clientIP: task:executeStep TYPE:GroovyAction@5e01a982
Sun Jul 19 15:13:17 IST 2020 domain:test user:test sessionId: clientIP: task:executeStep TYPE:GroovyAction@5e01a982
Sun Jul 19 15:13:17 IST 2020 domain:test user:test sessionId: clientIP: task:executeStep TYPE:GroovyAction@5e01a982
Sun Jul 19 15:13:17 IST 2020 domain:test user:test sessionId: clientIP: task:executeStep TYPE:GroovyAction@5e01a982
Sun Jul 19 15:13:17 IST 2020 domain:test user:test sessionId: clientIP: task:executeStep TYPE:GroovyAction@5e01a982
Sun Jul 19 15:13:17 IST 2020 domain:test user:test sessionId: clientIP: task:executeStep TYPE:GroovyAction@5e01a982
Sun Jul 19 15:13:17 IST 2020 domain:test user:test sessionId: clientIP: task:executeStep TYPE:GroovyAction@5e01a982
Sun Jul 19 15:13:17 IST 2020 domain:test user:test sessionId: clientIP: task:executeStep TYPE:GroovyAction@5e01a982
Sun Jul 19 15:13:17 IST 2020 domain:test user:test sessionId: clientIP: task:executeStep TYPE:GroovyAction@5e01a982
Sun Jul 19 15:13:18 IST 2020 domain:test user:test sessionId: clientIP: task:executeStep TYPE:GroovyAction@5e01a982
Sun Jul 19 15:13:18 IST 2020 domain:test user:test sessionId: clientIP: task:executeStep TYPE:GroovyAction@5e01a982
Sun Jul 19 15:13:18 IST 2020 domain:test user:test sessionId: clientIP: task:executeStep TYPE:GroovyAction@5e01a982
Sun Jul 19 15:13:18 IST 2020 domain:test user:test sessionId: clientIP: task:executeStep TYPE:GroovyAction@5e01a982
Sun Jul 19 15:13:18 IST 2020 domain:test user:test sessionId: clientIP: task:executeStep TYPE:GroovyAction@5e01a982
Sun Jul 19 15:13:18 IST 2020 domain:test user:test sessionId: clientIP: task:executeStep TYPE:GroovyAction@5e01a982
Sun Jul 19 15:13:18 IST 2020 domain:test user:test sessionId: clientIP: task:executeStep TYPE:GroovyAction@5e01a982
Sun Jul 19 15:13:18 IST 2020 domain:test user:test sessionId: clientIP: task:executeStep TYPE:GroovyAction@5e01a982
Sun Jul 19 15:13:18 IST 2020 domain:test user:test sessionId: clientIP: task:executeStep TYPE:GroovyAction@5e01a982
Sun Jul 19 15:13:18 IST 2020 domain:test user:test sessionId: clientIP: task:executeStep TYPE:GroovyAction@5e01a982
Sun Jul 19 15:13:18 IST 2020 domain:test user:test sessionId: clientIP: task:executeStep TYPE:GroovyAction@5e01a982
Sun Jul 19 15:13:18 IST 2020 domain:test user:test sessionId: clientIP: task:executeStep TYPE:GroovyAction@5e01a982
Sun Jul 19 15:13:18 IST 2020 domain:test user:test sessionId: clientIP: task:executeStep TYPE:GroovyAction@5e01a982
Sun Jul 19 15:13:18 IST 2020 domain:test user:test sessionId: clientIP: task:executeStep TYPE:GroovyAction@5e01a982
Sun Jul 19 15:13:18 IST 2020 domain:test user:test sessionId: clientIP: task:executeStep TYPE:GroovyAction@5e01a982
Sun Jul 19 15:13:18 IST 2020 domain:test user:test sessionId: clientIP: task:executeStep TYPE:GroovyAction@5e01a982
Sun Jul 19 15:13:18 IST 2020 domain:test user:test sessionId: clientIP: task:executeStep TYPE:GroovyAction@5e01a982
Sun Jul 19 15:13:18 IST 2020 domain:test user:test sessionId: clientIP: task:executeStep TYPE:GroovyAction@5e01a982
Sun Jul 19 15:13:18 IST 2020 domain:test user:test sessionId: clientIP: task:executeStep TYPE:GroovyAction@5e01a982
Sun Jul 19 15:13:18 IST 2020 domain:test user:test sessionId: clientIP: task:executeStep TYPE:GroovyAction@5e01a982
Sun Jul 19 15:13:19 IST 2020 domain:test user:test sessionId: clientIP: task:executeStep TYPE:GroovyAction@5e01a982
Sun Jul 19 15:13:19 IST 2020 domain:test user:test sessionId: clientIP: task:executeStep TYPE:GroovyAction@5e01a982
Sun Jul 19 15:13:19 IST 2020 domain:test user:test sessionId: clientIP: task:executeStep TYPE:GroovyAction@5e01a982
Sun Jul 19 15:13:19 IST 2020 domain:test user:test sessionId: clientIP: task:executeStep TYPE:GroovyAction@5e01a982
Sun Jul 19 15:13:19 IST 2020 domain:test user:test sessionId: clientIP: task:executeStep TYPE:GroovyAction@5e01a982
Sun Jul 19 15:13:19 IST 2020 domain:test user:test sessionId: clientIP: task:executeStep TYPE:GroovyAction@5e01a982
Sun Jul 19 15:13:19 IST 2020 domain:test user:test sessionId: clientIP: task:executeStep TYPE:GroovyAction@5e01a982
Sun Jul 19 15:13:19 IST 2020 domain:test user:test sessionId: clientIP: task:executeStep TYPE:GroovyAction@5e01a982
Sun Jul 19 15:13:19 IST 2020 domain:test user:test sessionId: clientIP: task:executeStep TYPE:GroovyAction@5e01a982
Sun Jul 19 15:13:19 IST 2020 domain:test user:test sessionId: clientIP: task:executeStep TYPE:GroovyAction@5e01a982
Sun Jul 19 15:13:19 IST 2020 domain:test user:test sessionId: clientIP: task:executeStep TYPE:GroovyAction@5e01a982
Sun Jul 19 15:13:19 IST 2020 domain:test user:test sessionId: clientIP: task:executeStep TYPE:GroovyAction@5e01a982
Sun Jul 19 15:13:19 IST 2020 domain:test user:test sessionId: clientIP: task:executeStep TYPE:GroovyAction@5e01a982
Sun Jul 19 15:13:19 IST 2020 domain:test user:test sessionId: clientIP: task:executeStep TYPE:GroovyAction@5e01a982
Sun Jul 19 15:13:19 IST 2020 domain:test user:test sessionId: clientIP: task:executeStep TYPE:GroovyAction@5e01a982
Sun Jul 19 15:13:19 IST 2020 domain:test user:test sessionId: clientIP: task:executeStep TYPE:GroovyAction@5e01a982
Sun Jul 19 15:13:19 IST 2020 domain:test user:test sessionId: clientIP: task:executeStep TYPE:GroovyAction@5e01a982
Sun Jul 19 15:13:19 IST 2020 domain:test user:test sessionId: clientIP: task:executeStep TYPE:GroovyAction@5e01a982
Sun Jul 19 15:13:19 IST 2020 domain:test user:test sessionId: clientIP: task:executeStep TYPE:GroovyAction@5e01a982
Sun Jul 19 15:13:19 IST 2020 domain:test user:test sessionId: clientIP: task:executeStep TYPE:GroovyAction@5e01a982
Sun Jul 19 15:13:19 IST 2020 domain:test user:test sessionId: clientIP: task:executeStep TYPE:GroovyAction@5e01a982
Sun Jul 19 15:13:19 IST 2020 domain:test user:test sessionId: clientIP: task:executeStep TYPE:GroovyAction@5e01a982
Sun Jul 19 15:13:19 IST 2020 domain:test user:test sessionId: clientIP: task:executeStep TYPE:GroovyAction@5e01a982
Sun Jul 19 15:13:19 IST 2020 domain:test user:test sessionId: clientIP: task:executeStep TYPE:GroovyAction@5e01a982
Sun Jul 19 15:13:20 IST 2020 domain:test user:test sessionId: clientIP: task:executeStep TYPE:GroovyAction@5e01a982
Sun Jul 19 15:13:20 IST 2020 domain:test user:test sessionId: clientIP: task:executeStep TYPE:GroovyAction@5e01a982
Sun Jul 19 15:13:20 IST 2020 domain:test user:test sessionId: clientIP: task:executeStep TYPE:GroovyAction@5e01a982
Sun Jul 19 15:13:20 IST 2020 domain:test user:test sessionId: clientIP: task:executeStep TYPE:GroovyAction@5e01a982
Sun Jul 19 15:13:20 IST 2020 domain:test user:test sessionId: clientIP: task:executeStep TYPE:GroovyAction@5e01a982
Sun Jul 19 15:13:20 IST 2020 domain:test user:test sessionId: clientIP: task:executeStep TYPE:GroovyAction@5e01a982
Sun Jul 19 15:13:20 IST 2020 domain:test user:test sessionId: clientIP: task:executeStep TYPE:GroovyAction@5e01a982
Sun Jul 19 15:13:20 IST 2020 domain:test user:test sessionId: clientIP: task:executeStep TYPE:GroovyAction@5e01a982
Sun Jul 19 15:13:20 IST 2020 domain:test user:test sessionId: clientIP: task:executeStep TYPE:GroovyAction@5e01a982
Sun Jul 19 15:13:20 IST 2020 domain:test user:test sessionId: clientIP: task:executeStep TYPE:GroovyAction@5e01a982
Sun Jul 19 15:13:20 IST 2020 domain:test user:test sessionId: clientIP: task:executeStep TYPE:GroovyAction@5e01a982
Sun Jul 19 15:13:20 IST 2020 domain:test user:test sessionId: clientIP: task:executeStep TYPE:GroovyAction@5e01a982
Sun Jul 19 15:13:20 IST 2020 domain:test user:test sessionId: clientIP: task:executeStep TYPE:GroovyAction@5e01a982
Sun Jul 19 15:13:20 IST 2020 domain:test user:test sessionId: clientIP: task:executeStep TYPE:GroovyAction@5e01a982
Sun Jul 19 15:13:20 IST 2020 domain:test user:test sessionId: clientIP: task:executeStep TYPE:GroovyAction@5e01a982
Sun Jul 19 15:13:20 IST 2020 domain:test user:test sessionId: clientIP: task:executeStep TYPE:GroovyAction@5e01a982
Sun Jul 19 15:13:20 IST 2020 domain:test user:test sessionId: clientIP: task:executeStep TYPE:GroovyAction@5e01a982
Sun Jul 19 18:14:01 IST 2020 domain:test user:test sessionId: clientIP: task:test TYPE:GroovyAction@f0da945
Sun Jul 19 18:16:14 IST 2020 domain:test user:test sessionId: clientIP: task:test TYPE:GroovyAction@f0da945
Sun Jul 19 18:18:52 IST 2020 domain:test user:test sessionId: clientIP: task:test TYPE:GroovyAction@f0da945
Sun Jul 19 18:19:38 IST 2020 domain:test user:test sessionId: clientIP: task:test TYPE:GroovyAction@f0da945
Sun Jul 19 18:21:05 IST 2020 domain:test user:test sessionId: clientIP: task:test TYPE:GroovyAction@f0da945
Sun Jul 19 18:23:09 IST 2020 domain:test user:test sessionId: clientIP: task:test TYPE:GroovyAction@f0da945
Sun Jul 19 18:28:33 IST 2020 domain:test user:test sessionId: clientIP: task:test TYPE:GroovyAction@f0da945
Sun Jul 19 18:32:48 IST 2020 domain:test user:test sessionId: clientIP: task:test TYPE:GroovyAction@f0da945
Sun Jul 19 18:34:11 IST 2020 domain:test user:test sessionId: clientIP: task:test TYPE:GroovyAction@f0da945
Sun Jul 19 18:39:00 IST 2020 domain:test user:test sessionId: clientIP: task:test TYPE:GroovyAction@f0da945
Sun Jul 19 19:21:39 IST 2020 domain:test user:test sessionId: clientIP: task:test TYPE:GroovyAction@f0da945
Sun Jul 19 19:22:43 IST 2020 domain:test user:test sessionId: clientIP: task:test TYPE:GroovyAction@f0da945
Sun Jul 19 19:27:15 IST 2020 domain:test user:test sessionId: clientIP: task:test TYPE:GroovyAction@434a63ab
Sun Jul 19 19:27:19 IST 2020 domain:test user:test sessionId: clientIP: task:stepProcessor TYPE:GroovyAction@1e63ec0b
Sun Jul 19 19:28:08 IST 2020 domain:test user:test sessionId: clientIP: task:stepProcessor TYPE:GroovyAction@1e63ec0b
Sun Jul 19 19:37:00 IST 2020 domain:test user:test sessionId: clientIP: task:test TYPE:GroovyAction@434a63ab
Sun Jul 19 19:37:09 IST 2020 domain:test user:test sessionId: clientIP: task:stepProcessor TYPE:GroovyAction@1e63ec0b
Sun Jul 19 19:40:54 IST 2020 domain:test user:test sessionId: clientIP: task:test TYPE:GroovyAction@ffaa6af
Sun Jul 19 19:41:01 IST 2020 domain:test user:test sessionId: clientIP: task:stepProcessor TYPE:GroovyAction@1dd0e7c4
Sun Jul 19 19:41:39 IST 2020 domain:test user:test sessionId: clientIP: task:test TYPE:GroovyAction@ffaa6af
Sun Jul 19 19:42:43 IST 2020 domain:test user:test sessionId: clientIP: task:test TYPE:GroovyAction@ffaa6af
Sun Jul 19 19:44:38 IST 2020 domain:test user:test sessionId: clientIP: task:test TYPE:GroovyAction@ffaa6af
Sun Jul 19 19:44:41 IST 2020 domain:test user:test sessionId: clientIP: task:stepProcessor TYPE:GroovyAction@1dd0e7c4
Sun Jul 19 20:06:35 IST 2020 domain:test user:test sessionId: clientIP: task:test TYPE:GroovyAction@ffaa6af
Sun Jul 19 20:06:55 IST 2020 domain:test user:test sessionId: clientIP: task:stepProcessor TYPE:GroovyAction@1dd0e7c4
Sun Jul 19 20:08:48 IST 2020 domain:test user:test sessionId: clientIP: task:test TYPE:GroovyAction@ffaa6af
Sun Jul 19 20:08:51 IST 2020 domain:test user:test sessionId: clientIP: task:stepProcessor TYPE:GroovyAction@1dd0e7c4
Sun Jul 19 20:13:35 IST 2020 domain:test user:test sessionId: clientIP: task:test TYPE:GroovyAction@ffaa6af
Sun Jul 19 20:13:40 IST 2020 domain:test user:test sessionId: clientIP: task:stepProcessor TYPE:GroovyAction@1dd0e7c4
Sun Jul 19 20:39:18 IST 2020 domain:test user:test sessionId: clientIP: task:test TYPE:GroovyAction@ffaa6af
Sun Jul 19 20:40:09 IST 2020 domain:test user:test sessionId: clientIP: task:stepProcessor TYPE:GroovyAction@7894f09b
Sun Jul 19 20:41:31 IST 2020 domain:test user:test sessionId: clientIP: task:test TYPE:GroovyAction@434a63ab
Sun Jul 19 20:41:35 IST 2020 domain:test user:test sessionId: clientIP: task:stepProcessor TYPE:GroovyAction@1e63ec0b
Sun Jul 19 20:51:31 IST 2020 domain:test user:test sessionId: clientIP: task:test TYPE:GroovyAction@ffaa6af
Sun Jul 19 20:51:35 IST 2020 domain:test user:test sessionId: clientIP: task:stepProcessor TYPE:GroovyAction@1dd0e7c4
Sun Jul 19 20:51:46 IST 2020 domain:test user:test sessionId: clientIP: task:stepProcessor TYPE:GroovyAction@1dd0e7c4
Sun Jul 19 20:53:23 IST 2020 domain:test user:test sessionId: clientIP: task:test TYPE:GroovyAction@ffaa6af
Sun Jul 19 20:53:26 IST 2020 domain:test user:test sessionId: clientIP: task:stepProcessor TYPE:GroovyAction@1dd0e7c4
Sun Jul 19 20:53:28 IST 2020 domain:test user:test sessionId: clientIP: task:stepProcessor TYPE:GroovyAction@1dd0e7c4
Sun Jul 19 20:53:31 IST 2020 domain:test user:test sessionId: clientIP: task:stepProcessor TYPE:GroovyAction@1dd0e7c4
Sun Jul 19 20:53:35 IST 2020 domain:test user:test sessionId: clientIP: task:stepProcessor TYPE:GroovyAction@1dd0e7c4
Sun Jul 19 20:53:38 IST 2020 domain:test user:test sessionId: clientIP: task:stepProcessor TYPE:GroovyAction@1dd0e7c4
Sun Jul 19 20:53:40 IST 2020 domain:test user:test sessionId: clientIP: task:stepProcessor TYPE:GroovyAction@1dd0e7c4
Sun Jul 19 20:53:43 IST 2020 domain:test user:test sessionId: clientIP: task:stepProcessor TYPE:GroovyAction@1dd0e7c4
Sun Jul 19 20:54:07 IST 2020 domain:test user:test sessionId: clientIP: task:stepProcessor TYPE:GroovyAction@1dd0e7c4
Sun Jul 19 20:54:09 IST 2020 domain:test user:test sessionId: clientIP: task:stepProcessor TYPE:GroovyAction@1dd0e7c4
Sun Jul 19 20:54:11 IST 2020 domain:test user:test sessionId: clientIP: task:stepProcessor TYPE:GroovyAction@1dd0e7c4
Sun Jul 19 20:54:13 IST 2020 domain:test user:test sessionId: clientIP: task:stepProcessor TYPE:GroovyAction@1dd0e7c4
Sun Jul 19 20:54:30 IST 2020 domain:test user:test sessionId: clientIP: task:stepProcessor TYPE:GroovyAction@1dd0e7c4
Sun Jul 19 20:55:39 IST 2020 domain:test user:test sessionId: clientIP: task:test TYPE:GroovyAction@ffaa6af
Sun Jul 19 20:55:44 IST 2020 domain:test user:test sessionId: clientIP: task:stepProcessor TYPE:GroovyAction@1dd0e7c4
Sun Jul 19 20:55:46 IST 2020 domain:test user:test sessionId: clientIP: task:stepProcessor TYPE:GroovyAction@1dd0e7c4
Sun Jul 19 20:55:48 IST 2020 domain:test user:test sessionId: clientIP: task:stepProcessor TYPE:GroovyAction@1dd0e7c4
Sun Jul 19 20:55:50 IST 2020 domain:test user:test sessionId: clientIP: task:stepProcessor TYPE:GroovyAction@1dd0e7c4
Sun Jul 19 20:55:52 IST 2020 domain:test user:test sessionId: clientIP: task:stepProcessor TYPE:GroovyAction@1dd0e7c4
Sun Jul 19 20:55:55 IST 2020 domain:test user:test sessionId: clientIP: task:stepProcessor TYPE:GroovyAction@1dd0e7c4
Sun Jul 19 20:55:57 IST 2020 domain:test user:test sessionId: clientIP: task:stepProcessor TYPE:GroovyAction@1dd0e7c4
Sun Jul 19 21:01:44 IST 2020 domain:test user:test sessionId: clientIP: task:test TYPE:GroovyAction@ffaa6af
Sun Jul 19 21:01:50 IST 2020 domain:test user:test sessionId: clientIP: task:stepProcessor TYPE:GroovyAction@1dd0e7c4
Sun Jul 19 21:02:07 IST 2020 domain:test user:test sessionId: clientIP: task:stepProcessor TYPE:GroovyAction@1dd0e7c4
Sun Jul 19 21:02:12 IST 2020 domain:test user:test sessionId: clientIP: task:stepProcessor TYPE:GroovyAction@1dd0e7c4
Sun Jul 19 21:04:47 IST 2020 domain:test user:test sessionId: clientIP: task:test TYPE:GroovyAction@ffaa6af
Sun Jul 19 21:04:50 IST 2020 domain:test user:test sessionId: clientIP: task:stepProcessor TYPE:GroovyAction@1dd0e7c4
Sun Jul 19 21:04:59 IST 2020 domain:test user:test sessionId: clientIP: task:stepProcessor TYPE:GroovyAction@1dd0e7c4
Sun Jul 19 21:05:03 IST 2020 domain:test user:test sessionId: clientIP: task:stepProcessor TYPE:GroovyAction@1dd0e7c4
Sun Jul 19 21:30:26 IST 2020 domain:test user:test sessionId: clientIP: task:test TYPE:GroovyAction@ffaa6af
Sun Jul 19 21:30:30 IST 2020 domain:test user:test sessionId: clientIP: task:stepProcessor TYPE:GroovyAction@1dd0e7c4
Sun Jul 19 21:30:34 IST 2020 domain:test user:test sessionId: clientIP: task:stepProcessor TYPE:GroovyAction@1dd0e7c4
Sun Jul 19 21:30:36 IST 2020 domain:test user:test sessionId: clientIP: task:stepProcessor TYPE:GroovyAction@1dd0e7c4
Sun Jul 19 21:30:39 IST 2020 domain:test user:test sessionId: clientIP: task:stepProcessor TYPE:GroovyAction@1dd0e7c4
Sun Jul 19 21:30:40 IST 2020 domain:test user:test sessionId: clientIP: task:stepProcessor TYPE:GroovyAction@1dd0e7c4
Sun Jul 19 21:30:43 IST 2020 domain:test user:test sessionId: clientIP: task:stepProcessor TYPE:GroovyAction@1dd0e7c4
Sun Jul 19 21:30:45 IST 2020 domain:test user:test sessionId: clientIP: task:stepProcessor TYPE:GroovyAction@1dd0e7c4
Sun Jul 19 21:30:47 IST 2020 domain:test user:test sessionId: clientIP: task:stepProcessor TYPE:GroovyAction@1dd0e7c4
Sun Jul 19 21:30:57 IST 2020 domain:test user:test sessionId: clientIP: task:stepProcessor TYPE:GroovyAction@1dd0e7c4
Sun Jul 19 21:32:52 IST 2020 domain:test user:test sessionId: clientIP: task:test TYPE:GroovyAction@ffaa6af
Sun Jul 19 21:32:55 IST 2020 domain:test user:test sessionId: clientIP: task:stepProcessor TYPE:GroovyAction@1dd0e7c4
Sun Jul 19 21:32:57 IST 2020 domain:test user:test sessionId: clientIP: task:stepProcessor TYPE:GroovyAction@1dd0e7c4
Sun Jul 19 21:32:59 IST 2020 domain:test user:test sessionId: clientIP: task:stepProcessor TYPE:GroovyAction@1dd0e7c4
Sun Jul 19 21:33:00 IST 2020 domain:test user:test sessionId: clientIP: task:stepProcessor TYPE:GroovyAction@1dd0e7c4
Sun Jul 19 21:33:02 IST 2020 domain:test user:test sessionId: clientIP: task:stepProcessor TYPE:GroovyAction@1dd0e7c4
Sun Jul 19 21:33:04 IST 2020 domain:test user:test sessionId: clientIP: task:stepProcessor TYPE:GroovyAction@1dd0e7c4
Sun Jul 19 21:33:06 IST 2020 domain:test user:test sessionId: clientIP: task:stepProcessor TYPE:GroovyAction@1dd0e7c4
Sun Jul 19 21:33:08 IST 2020 domain:test user:test sessionId: clientIP: task:stepProcessor TYPE:GroovyAction@1dd0e7c4
Sun Jul 19 21:36:24 IST 2020 domain:test user:test sessionId: clientIP: task:test TYPE:GroovyAction@ffaa6af
Sun Jul 19 21:36:27 IST 2020 domain:test user:test sessionId: clientIP: task:stepProcessor TYPE:GroovyAction@1dd0e7c4
Sun Jul 19 21:36:30 IST 2020 domain:test user:test sessionId: clientIP: task:stepProcessor TYPE:GroovyAction@1dd0e7c4
Sun Jul 19 21:36:32 IST 2020 domain:test user:test sessionId: clientIP: task:stepProcessor TYPE:GroovyAction@1dd0e7c4
Sun Jul 19 21:36:34 IST 2020 domain:test user:test sessionId: clientIP: task:stepProcessor TYPE:GroovyAction@1dd0e7c4
Sun Jul 19 21:36:36 IST 2020 domain:test user:test sessionId: clientIP: task:stepProcessor TYPE:GroovyAction@1dd0e7c4
Sun Jul 19 21:36:38 IST 2020 domain:test user:test sessionId: clientIP: task:stepProcessor TYPE:GroovyAction@1dd0e7c4
Sun Jul 19 21:36:39 IST 2020 domain:test user:test sessionId: clientIP: task:stepProcessor TYPE:GroovyAction@1dd0e7c4
Sun Jul 19 21:36:43 IST 2020 domain:test user:test sessionId: clientIP: task:stepProcessor TYPE:GroovyAction@1dd0e7c4
Sun Jul 19 21:36:45 IST 2020 domain:test user:test sessionId: clientIP: task:stepProcessor TYPE:GroovyAction@1dd0e7c4
Sun Jul 19 21:36:47 IST 2020 domain:test user:test sessionId: clientIP: task:stepProcessor TYPE:GroovyAction@1dd0e7c4
Sun Jul 19 21:44:09 IST 2020 domain:test user:test sessionId: clientIP: task:test TYPE:GroovyAction@ffaa6af
Sun Jul 19 21:44:12 IST 2020 domain:test user:test sessionId: clientIP: task:stepProcessor TYPE:GroovyAction@1dd0e7c4
Sun Jul 19 21:44:16 IST 2020 domain:test user:test sessionId: clientIP: task:stepProcessor TYPE:GroovyAction@1dd0e7c4
Sun Jul 19 21:44:17 IST 2020 domain:test user:test sessionId: clientIP: task:stepProcessor TYPE:GroovyAction@1dd0e7c4
Sun Jul 19 21:44:19 IST 2020 domain:test user:test sessionId: clientIP: task:stepProcessor TYPE:GroovyAction@1dd0e7c4
Sun Jul 19 21:44:21 IST 2020 domain:test user:test sessionId: clientIP: task:stepProcessor TYPE:GroovyAction@1dd0e7c4
Sun Jul 19 21:44:22 IST 2020 domain:test user:test sessionId: clientIP: task:stepProcessor TYPE:GroovyAction@1dd0e7c4
Sun Jul 19 21:44:24 IST 2020 domain:test user:test sessionId: clientIP: task:stepProcessor TYPE:GroovyAction@1dd0e7c4
Sun Jul 19 21:44:26 IST 2020 domain:test user:test sessionId: clientIP: task:stepProcessor TYPE:GroovyAction@1dd0e7c4
Sun Jul 19 21:44:28 IST 2020 domain:test user:test sessionId: clientIP: task:stepProcessor TYPE:GroovyAction@1dd0e7c4
Sun Jul 19 21:44:30 IST 2020 domain:test user:test sessionId: clientIP: task:stepProcessor TYPE:GroovyAction@1dd0e7c4
Sun Jul 19 21:46:01 IST 2020 domain:test user:test sessionId: clientIP: task:test TYPE:GroovyAction@ffaa6af
Sun Jul 19 21:46:04 IST 2020 domain:test user:test sessionId: clientIP: task:stepProcessor TYPE:GroovyAction@1dd0e7c4
Sun Jul 19 21:46:05 IST 2020 domain:test user:test sessionId: clientIP: task:stepProcessor TYPE:GroovyAction@1dd0e7c4
Sun Jul 19 21:46:07 IST 2020 domain:test user:test sessionId: clientIP: task:stepProcessor TYPE:GroovyAction@1dd0e7c4
Sun Jul 19 21:46:08 IST 2020 domain:test user:test sessionId: clientIP: task:stepProcessor TYPE:GroovyAction@1dd0e7c4
Sun Jul 19 21:46:11 IST 2020 domain:test user:test sessionId: clientIP: task:stepProcessor TYPE:GroovyAction@1dd0e7c4
Sun Jul 19 21:49:08 IST 2020 domain:test user:test sessionId: clientIP: task:test TYPE:GroovyAction@ffaa6af
Sun Jul 19 21:49:10 IST 2020 domain:test user:test sessionId: clientIP: task:stepProcessor TYPE:GroovyAction@1dd0e7c4
Sun Jul 19 21:49:12 IST 2020 domain:test user:test sessionId: clientIP: task:stepProcessor TYPE:GroovyAction@1dd0e7c4
Sun Jul 19 21:49:14 IST 2020 domain:test user:test sessionId: clientIP: task:stepProcessor TYPE:GroovyAction@1dd0e7c4
Sun Jul 19 21:49:16 IST 2020 domain:test user:test sessionId: clientIP: task:stepProcessor TYPE:GroovyAction@1dd0e7c4
Sun Jul 19 21:49:18 IST 2020 domain:test user:test sessionId: clientIP: task:stepProcessor TYPE:GroovyAction@1dd0e7c4
Sun Jul 19 21:49:21 IST 2020 domain:test user:test sessionId: clientIP: task:stepProcessor TYPE:GroovyAction@1dd0e7c4
Sun Jul 19 21:49:23 IST 2020 domain:test user:test sessionId: clientIP: task:stepProcessor TYPE:GroovyAction@1dd0e7c4
Sun Jul 19 21:51:36 IST 2020 domain:test user:test sessionId: clientIP: task:test TYPE:GroovyAction@ffaa6af
Sun Jul 19 21:51:39 IST 2020 domain:test user:test sessionId: clientIP: task:stepProcessor TYPE:GroovyAction@1dd0e7c4
Sun Jul 19 21:51:42 IST 2020 domain:test user:test sessionId: clientIP: task:stepProcessor TYPE:GroovyAction@1dd0e7c4
Sun Jul 19 21:51:44 IST 2020 domain:test user:test sessionId: clientIP: task:stepProcessor TYPE:GroovyAction@1dd0e7c4
Sun Jul 19 21:51:47 IST 2020 domain:test user:test sessionId: clientIP: task:stepProcessor TYPE:GroovyAction@1dd0e7c4
Sun Jul 19 21:51:51 IST 2020 domain:test user:test sessionId: clientIP: task:stepProcessor TYPE:GroovyAction@1dd0e7c4
Sun Jul 19 21:56:39 IST 2020 domain:test user:test sessionId: clientIP: task:test TYPE:GroovyAction@ffaa6af
Sun Jul 19 21:56:44 IST 2020 domain:test user:test sessionId: clientIP: task:stepProcessor TYPE:GroovyAction@1dd0e7c4
Sun Jul 19 22:02:11 IST 2020 domain:test user:test sessionId: clientIP: task:test TYPE:GroovyAction@ffaa6af
Sun Jul 19 22:02:14 IST 2020 domain:test user:test sessionId: clientIP: task:stepProcessor TYPE:GroovyAction@1dd0e7c4
Sun Jul 19 22:02:15 IST 2020 domain:test user:test sessionId: clientIP: task:stepProcessor TYPE:GroovyAction@1dd0e7c4
Sun Jul 19 22:02:17 IST 2020 domain:test user:test sessionId: clientIP: task:stepProcessor TYPE:GroovyAction@1dd0e7c4
Sun Jul 19 22:02:18 IST 2020 domain:test user:test sessionId: clientIP: task:stepProcessor TYPE:GroovyAction@1dd0e7c4
Sun Jul 19 22:02:21 IST 2020 domain:test user:test sessionId: clientIP: task:stepProcessor TYPE:GroovyAction@1dd0e7c4
Sun Jul 19 22:02:23 IST 2020 domain:test user:test sessionId: clientIP: task:stepProcessor TYPE:GroovyAction@1dd0e7c4
Sun Jul 19 22:04:10 IST 2020 domain:test user:test sessionId: clientIP: task:test TYPE:GroovyAction@ffaa6af
Sun Jul 19 22:04:12 IST 2020 domain:test user:test sessionId: clientIP: task:stepProcessor TYPE:GroovyAction@1dd0e7c4
Sun Jul 19 22:04:14 IST 2020 domain:test user:test sessionId: clientIP: task:stepProcessor TYPE:GroovyAction@1dd0e7c4
Sun Jul 19 22:04:15 IST 2020 domain:test user:test sessionId: clientIP: task:stepProcessor TYPE:GroovyAction@1dd0e7c4
Sun Jul 19 22:04:16 IST 2020 domain:test user:test sessionId: clientIP: task:stepProcessor TYPE:GroovyAction@1dd0e7c4
Sun Jul 19 22:04:18 IST 2020 domain:test user:test sessionId: clientIP: task:stepProcessor TYPE:GroovyAction@1dd0e7c4
Sun Jul 19 22:04:22 IST 2020 domain:test user:test sessionId: clientIP: task:stepProcessor TYPE:GroovyAction@1dd0e7c4
Sun Jul 19 22:04:23 IST 2020 domain:test user:test sessionId: clientIP: task:stepProcessor TYPE:GroovyAction@1dd0e7c4
Sun Jul 19 22:05:55 IST 2020 domain:test user:test sessionId: clientIP: task:stepProcessor TYPE:GroovyAction@1dd0e7c4
Sun Jul 19 22:05:58 IST 2020 domain:test user:test sessionId: clientIP: task:stepProcessor TYPE:GroovyAction@1dd0e7c4
Sun Jul 19 22:05:59 IST 2020 domain:test user:test sessionId: clientIP: task:stepProcessor TYPE:GroovyAction@1dd0e7c4
Sun Jul 19 22:08:07 IST 2020 domain:test user:test sessionId: clientIP: task:test TYPE:GroovyAction@ffaa6af
Sun Jul 19 22:08:09 IST 2020 domain:test user:test sessionId: clientIP: task:stepProcessor TYPE:GroovyAction@1dd0e7c4
Sun Jul 19 22:08:11 IST 2020 domain:test user:test sessionId: clientIP: task:stepProcessor TYPE:GroovyAction@1dd0e7c4
Sun Jul 19 22:08:13 IST 2020 domain:test user:test sessionId: clientIP: task:stepProcessor TYPE:GroovyAction@1dd0e7c4
Sun Jul 19 22:08:16 IST 2020 domain:test user:test sessionId: clientIP: task:stepProcessor TYPE:GroovyAction@1dd0e7c4
Sun Jul 19 22:08:18 IST 2020 domain:test user:test sessionId: clientIP: task:stepProcessor TYPE:GroovyAction@1dd0e7c4
Sun Jul 19 22:08:20 IST 2020 domain:test user:test sessionId: clientIP: task:stepProcessor TYPE:GroovyAction@1dd0e7c4
Sun Jul 19 22:13:21 IST 2020 domain:test user:test sessionId: clientIP: task:test TYPE:GroovyAction@ffaa6af
Sun Jul 19 22:13:24 IST 2020 domain:test user:test sessionId: clientIP: task:stepProcessor TYPE:GroovyAction@1dd0e7c4
Sun Jul 19 22:13:26 IST 2020 domain:test user:test sessionId: clientIP: task:stepProcessor TYPE:GroovyAction@1dd0e7c4
Sun Jul 19 22:13:28 IST 2020 domain:test user:test sessionId: clientIP: task:stepProcessor TYPE:GroovyAction@1dd0e7c4
Sun Jul 19 22:13:31 IST 2020 domain:test user:test sessionId: clientIP: task:stepProcessor TYPE:GroovyAction@1dd0e7c4
Sun Jul 19 22:13:33 IST 2020 domain:test user:test sessionId: clientIP: task:stepProcessor TYPE:GroovyAction@1dd0e7c4
Sun Jul 19 22:13:36 IST 2020 domain:test user:test sessionId: clientIP: task:stepProcessor TYPE:GroovyAction@1dd0e7c4
Sun Jul 19 22:13:39 IST 2020 domain:test user:test sessionId: clientIP: task:stepProcessor TYPE:GroovyAction@1dd0e7c4
Sun Jul 19 22:13:41 IST 2020 domain:test user:test sessionId: clientIP: task:stepProcessor TYPE:GroovyAction@1dd0e7c4
Sun Jul 19 22:13:46 IST 2020 domain:test user:test sessionId: clientIP: task:stepProcessor TYPE:GroovyAction@1dd0e7c4
Sun Jul 19 22:13:49 IST 2020 domain:test user:test sessionId: clientIP: task:stepProcessor TYPE:GroovyAction@1dd0e7c4
Sun Jul 19 22:13:52 IST 2020 domain:test user:test sessionId: clientIP: task:stepProcessor TYPE:GroovyAction@1dd0e7c4
Sun Jul 19 22:13:54 IST 2020 domain:test user:test sessionId: clientIP: task:stepProcessor TYPE:GroovyAction@1dd0e7c4
Sun Jul 19 22:13:56 IST 2020 domain:test user:test sessionId: clientIP: task:stepProcessor TYPE:GroovyAction@1dd0e7c4
Sun Jul 19 22:14:00 IST 2020 domain:test user:test sessionId: clientIP: task:stepProcessor TYPE:GroovyAction@1dd0e7c4
Sun Jul 19 22:49:43 IST 2020 domain:test user:test sessionId: clientIP: task:test TYPE:GroovyAction@ffaa6af
Sun Jul 19 23:02:14 IST 2020 domain:test user:test sessionId: clientIP: task:test TYPE:GroovyAction@ffaa6af
Sun Jul 19 23:02:37 IST 2020 domain:test user:test sessionId: clientIP: task:EVT_getARReady TYPE:GroovyAction@4b672daa
Sun Jul 19 23:05:05 IST 2020 domain:test user:test sessionId: clientIP: task:test TYPE:GroovyAction@ffaa6af
Sun Jul 19 23:05:23 IST 2020 domain:test user:test sessionId: clientIP: task:EVT_getARReady TYPE:GroovyAction@726e5805
Sun Jul 19 23:13:07 IST 2020 domain:test user:test sessionId: clientIP: task:test TYPE:GroovyAction@ffaa6af
Sun Jul 19 23:13:09 IST 2020 domain:test user:test sessionId: clientIP: task:EVT_getARReady TYPE:GroovyAction@4b672daa
Sun Jul 19 23:14:27 IST 2020 domain:test user:test sessionId: clientIP: task:test TYPE:GroovyAction@ffaa6af
Sun Jul 19 23:14:29 IST 2020 domain:test user:test sessionId: clientIP: task:EVT_getARReady TYPE:GroovyAction@726e5805
Sun Jul 19 23:16:57 IST 2020 domain:test user:test sessionId: clientIP: task:test TYPE:GroovyAction@ffaa6af
Sun Jul 19 23:17:00 IST 2020 domain:test user:test sessionId: clientIP: task:EVT_getARReady TYPE:GroovyAction@4b672daa
Sun Jul 19 23:18:19 IST 2020 domain:test user:test sessionId: clientIP: task:test TYPE:GroovyAction@ffaa6af
Sun Jul 19 23:20:43 IST 2020 domain:test user:test sessionId: clientIP: task:test TYPE:GroovyAction@31fa1761
Sun Jul 19 23:21:04 IST 2020 domain:test user:test sessionId: clientIP: task:EVT_getARReady TYPE:GroovyAction@3fffff43
Sun Jul 19 23:22:58 IST 2020 domain:test user:test sessionId: clientIP: task:test TYPE:GroovyAction@ffaa6af
Sun Jul 19 23:23:00 IST 2020 domain:test user:test sessionId: clientIP: task:EVT_getARReady TYPE:GroovyAction@726e5805
Sun Jul 19 23:24:27 IST 2020 domain:test user:test sessionId: clientIP: task:test TYPE:GroovyAction@ffaa6af
Sun Jul 19 23:24:34 IST 2020 domain:test user:test sessionId: clientIP: task:EVT_getARReady TYPE:GroovyAction@726e5805
Sun Jul 19 23:26:38 IST 2020 domain:test user:test sessionId: clientIP: task:test TYPE:GroovyAction@ffaa6af
Sun Jul 19 23:26:40 IST 2020 domain:test user:test sessionId: clientIP: task:EVT_getARReady TYPE:GroovyAction@4b672daa
Sun Jul 19 23:30:22 IST 2020 domain:test user:test sessionId: clientIP: task:test TYPE:GroovyAction@31fa1761
Sun Jul 19 23:30:26 IST 2020 domain:test user:test sessionId: clientIP: task:EVT_getARReady TYPE:GroovyAction@ed3068a
Sun Jul 19 23:33:05 IST 2020 domain:test user:test sessionId: clientIP: task:test TYPE:GroovyAction@ffaa6af
Sun Jul 19 23:33:08 IST 2020 domain:test user:test sessionId: clientIP: task:EVT_getARReady TYPE:GroovyAction@4b672daa
Sun Jul 19 23:35:46 IST 2020 domain:test user:test sessionId: clientIP: task:test TYPE:GroovyAction@ffaa6af
Sun Jul 19 23:35:48 IST 2020 domain:test user:test sessionId: clientIP: task:EVT_getARReady TYPE:GroovyAction@4b672daa
Sun Jul 19 23:38:01 IST 2020 domain:test user:test sessionId: clientIP: task:test TYPE:GroovyAction@ffaa6af
Sun Jul 19 23:38:03 IST 2020 domain:test user:test sessionId: clientIP: task:EVT_getARReady TYPE:GroovyAction@726e5805
Sun Jul 19 23:40:01 IST 2020 domain:test user:test sessionId: clientIP: task:test TYPE:GroovyAction@ffaa6af
Sun Jul 19 23:40:03 IST 2020 domain:test user:test sessionId: clientIP: task:EVT_getARReady TYPE:GroovyAction@726e5805
Sun Jul 19 23:40:51 IST 2020 domain:test user:test sessionId: clientIP: task:test TYPE:GroovyAction@ffaa6af
Sun Jul 19 23:40:53 IST 2020 domain:test user:test sessionId: clientIP: task:EVT_getARReady TYPE:GroovyAction@726e5805
Sun Jul 19 23:42:01 IST 2020 domain:test user:test sessionId: clientIP: task:test TYPE:GroovyAction@ffaa6af
Sun Jul 19 23:42:03 IST 2020 domain:test user:test sessionId: clientIP: task:EVT_getARReady TYPE:GroovyAction@4b672daa
Sun Jul 19 23:44:32 IST 2020 domain:test user:test sessionId: clientIP: task:test TYPE:GroovyAction@ffaa6af
Sun Jul 19 23:44:34 IST 2020 domain:test user:test sessionId: clientIP: task:EVT_getARReady TYPE:GroovyAction@726e5805
Sun Jul 19 23:53:18 IST 2020 domain:test user:test sessionId: clientIP: task:test TYPE:GroovyAction@31fa1761
Sun Jul 19 23:53:20 IST 2020 domain:test user:test sessionId: clientIP: task:EVT_getARReady TYPE:GroovyAction@ed3068a
Sun Jul 19 23:54:39 IST 2020 domain:test user:test sessionId: clientIP: task:test TYPE:GroovyAction@ffaa6af
Sun Jul 19 23:54:41 IST 2020 domain:test user:test sessionId: clientIP: task:EVT_getARReady TYPE:GroovyAction@726e5805
Sun Jul 19 23:57:06 IST 2020 domain:test user:test sessionId: clientIP: task:test TYPE:GroovyAction@ffaa6af
Sun Jul 19 23:57:08 IST 2020 domain:test user:test sessionId: clientIP: task:EVT_getARReady TYPE:GroovyAction@4b672daa
Sun Jul 19 23:59:27 IST 2020 domain:test user:test sessionId: clientIP: task:test TYPE:GroovyAction@ffaa6af
Sun Jul 19 23:59:29 IST 2020 domain:test user:test sessionId: clientIP: task:EVT_getARReady TYPE:GroovyAction@726e5805
