Tue Jul 14 00:05:22 IST 2020 domain:trip_en clientIP:0:0:0:0:0:0:0:1 user:John sessionId:d2-BAMKI9NFORIU dialog:"S":"What can I do for you?"
Tue Jul 14 00:05:22 IST 2020 domain:trip_en clientIP:0:0:0:0:0:0:0:1 user:John sessionId:d4-QJBEFD20ZDM0 dialog:"S":"How may I help you?","U":"How are you","S":"I am fine, thank you.  How may I help you?"
Tue Jul 14 00:05:22 IST 2020 domain:trip_en clientIP:0:0:0:0:0:0:0:1 user:John sessionId:d1-V6QYKSEWDDXI dialog:"S":"What can I do for you?","U":"Hi","S":"Hello! How are you?  How may I help you?"
Tue Jul 14 00:05:22 IST 2020 domain:trip_en clientIP:0:0:0:0:0:0:0:1 user:John sessionId:d3-LSOCK9BHJ2UK dialog:"S":"What can I do for you?"
Tue Jul 14 18:27:54 IST 2020 domain:trip_en clientIP:0:0:0:0:0:0:0:1 user:John sessionId:d9-SRUOQD6QXAXS dialog:"S":"What can I do for you?"
Tue Jul 14 18:27:54 IST 2020 domain:trip_en clientIP:0:0:0:0:0:0:0:1 user:John sessionId:d10-JNQC2QV0KXWZ dialog:"S":"How may I help you?"
Tue Jul 14 18:27:54 IST 2020 domain:trip_en clientIP:0:0:0:0:0:0:0:1 user:John sessionId:d11-959GWXGCCDYJ dialog:"S":"What can I do for you?"
Tue Jul 14 18:27:54 IST 2020 domain:trip_en clientIP:0:0:0:0:0:0:0:1 user:John sessionId:d6-R3ZKBKOJIKMF dialog:"S":"What can I do for you?","U":"Hi","S":"Hello! How are you?  How may I help you?"
Tue Jul 14 18:27:54 IST 2020 domain:trip_en clientIP:0:0:0:0:0:0:0:1 user:John sessionId:d7-J9JZVAQL9L17 dialog:"S":"How may I help you?","U":"How are you","S":"Everything is going extremely well.  How may I help you?"
Tue Jul 14 18:27:54 IST 2020 domain:trip_en clientIP:0:0:0:0:0:0:0:1 user:John sessionId:d5-GXFUSOQD8F0D dialog:"S":"What can I do for you?","U":"Hi","S":"Hello! How are you?  What can I do for you?"
Tue Jul 14 18:27:54 IST 2020 domain:trip_en clientIP:0:0:0:0:0:0:0:1 user:John sessionId:d8-IKFU9X2PUBBH dialog:"S":"What can I do for you?","U":"Book","S":"where do you want to go?"
Tue Jul 14 18:27:54 IST 2020 domain:trip_en clientIP:0:0:0:0:0:0:0:1 user:John sessionId:d12-UXXZ015VJZFQ dialog:"S":"How may I help you?","U":"Hi","S":"Hello! How are you?  How may I help you?","U":"How is weather","S":"for which city do you want to know the weather?","U":"Mumbai","S":"The temperature in Mumbai is 28.62 degrees","S":"do you want to know about other cities?"
Tue Jul 14 18:49:46 IST 2020 domain:trip_en clientIP:0:0:0:0:0:0:0:1 user:John sessionId:d15-XWQXASMPDZOI dialog:"S":"What can I do for you?"
Tue Jul 14 18:49:46 IST 2020 domain:trip_en clientIP:0:0:0:0:0:0:0:1 user:John sessionId:d21-UG0XOQAYVDEV dialog:"S":"What can I do for you?"
Tue Jul 14 18:49:46 IST 2020 domain:trip_en clientIP:0:0:0:0:0:0:0:1 user:John sessionId:d16-VKF81OACGE7P dialog:"S":"What can I do for you?"
Tue Jul 14 18:49:46 IST 2020 domain:trip_en clientIP:0:0:0:0:0:0:0:1 user:John sessionId:d20-R2TYSLEQKEGI dialog:"S":"What can I do for you?"
Tue Jul 14 18:49:46 IST 2020 domain:trip_en clientIP:0:0:0:0:0:0:0:1 user:John sessionId:d13-FGJOW6EVLVMX dialog:"S":"What can I do for you?"
Tue Jul 14 18:49:46 IST 2020 domain:trip_en clientIP:0:0:0:0:0:0:0:1 user:John sessionId:d14-Y9MKT7OLODHA dialog:"S":"How may I help you?"
Tue Jul 14 18:49:46 IST 2020 domain:trip_en clientIP:0:0:0:0:0:0:0:1 user:John sessionId:d18-MD9QIQ70DF5T dialog:"S":"What can I do for you?"
Tue Jul 14 18:49:46 IST 2020 domain:trip_en clientIP:0:0:0:0:0:0:0:1 user:John sessionId:d22-HRFTF2FHP4MW dialog:"S":"How may I help you?"
Tue Jul 14 18:49:46 IST 2020 domain:trip_en clientIP:0:0:0:0:0:0:0:1 user:John sessionId:d24-TGZFXRMPYBQD dialog:"S":"What can I do for you?"
Tue Jul 14 18:49:46 IST 2020 domain:trip_en clientIP:0:0:0:0:0:0:0:1 user:John sessionId:d19-K6PV6QD0JFBJ dialog:"S":"How may I help you?"
Tue Jul 14 18:49:46 IST 2020 domain:trip_en clientIP:0:0:0:0:0:0:0:1 user:John sessionId:d17-KT9ED7WYPGBK dialog:"S":"What can I do for you?"
Tue Jul 14 18:49:46 IST 2020 domain:trip_en clientIP:0:0:0:0:0:0:0:1 user:John sessionId:d23-TL2BV878LMOL dialog:"S":"How may I help you?"
Tue Jul 14 19:18:43 IST 2020 domain:trip_en clientIP:0:0:0:0:0:0:0:1 user:John sessionId:d34-I6JLSEO60TQB dialog:"S":"How may I help you?"
Tue Jul 14 19:18:43 IST 2020 domain:trip_en clientIP:0:0:0:0:0:0:0:1 user:John sessionId:d26-MSUW7VR13VX6 dialog:"S":"How may I help you?"
Tue Jul 14 19:18:43 IST 2020 domain:trip_en clientIP:0:0:0:0:0:0:0:1 user:John sessionId:d37-REW88Q35LWTB dialog:"S":"What can I do for you?"
Tue Jul 14 19:18:43 IST 2020 domain:trip_en clientIP:0:0:0:0:0:0:0:1 user:John sessionId:d27-IE5YLNE4BYZN dialog:"S":"What can I do for you?"
Tue Jul 14 19:18:43 IST 2020 domain:trip_en clientIP:0:0:0:0:0:0:0:1 user:John sessionId:d30-THK21Z10PE7E dialog:"S":"How may I help you?"
Tue Jul 14 19:18:43 IST 2020 domain:trip_en clientIP:0:0:0:0:0:0:0:1 user:John sessionId:d31-MSR9JMFESYMZ dialog:"S":"What can I do for you?"
Tue Jul 14 19:18:43 IST 2020 domain:trip_en clientIP:0:0:0:0:0:0:0:1 user:John sessionId:d33-OFNGAOASDVG9 dialog:"S":"What can I do for you?"
Tue Jul 14 19:18:43 IST 2020 domain:trip_en clientIP:0:0:0:0:0:0:0:1 user:John sessionId:d32-XINIRZSTFJC9 dialog:"S":"What can I do for you?"
Tue Jul 14 19:18:43 IST 2020 domain:trip_en clientIP:0:0:0:0:0:0:0:1 user:John sessionId:d29-J0WAN4ZDAHKV dialog:"S":"What can I do for you?"
Tue Jul 14 19:18:43 IST 2020 domain:trip_en clientIP:0:0:0:0:0:0:0:1 user:John sessionId:d36-RRFBQDBOVOEF dialog:"S":"What can I do for you?","U":"Hi","S":"Hello! How are you?  What can I do for you?"
Tue Jul 14 19:18:43 IST 2020 domain:trip_en clientIP:0:0:0:0:0:0:0:1 user:John sessionId:d28-QPCCZGHGV7YE dialog:"S":"What can I do for you?"
Tue Jul 14 19:18:43 IST 2020 domain:trip_en clientIP:0:0:0:0:0:0:0:1 user:John sessionId:d25-ENRTEHUC8XNS dialog:"S":"How may I help you?"
Tue Jul 14 19:18:43 IST 2020 domain:trip_en clientIP:0:0:0:0:0:0:0:1 user:John sessionId:d35-BUC46RZT2MNI dialog:"S":"What can I do for you?"
Tue Jul 14 20:13:52 IST 2020 domain:trip_en clientIP:0:0:0:0:0:0:0:1 user:John sessionId:d38-0GBFLVRKNZGY dialog:"S":"How may I help you?"
Tue Jul 14 20:13:52 IST 2020 domain:trip_en clientIP:0:0:0:0:0:0:0:1 user:John sessionId:d39-KOSOLA74E9X8 dialog:"S":"What can I do for you?"
Tue Jul 14 20:13:52 IST 2020 domain:trip_en clientIP:0:0:0:0:0:0:0:1 user:John sessionId:d44-NMZTXIB7IOJI dialog:"S":"What can I do for you?","U":"Hi","S":"Hello! How are you?  How may I help you?"
Tue Jul 14 20:13:52 IST 2020 domain:trip_en clientIP:0:0:0:0:0:0:0:1 user:John sessionId:d45-6V4ELJHT4SK1 dialog:"S":"How may I help you?","U":"Hi","S":"Hello! How are you?  How may I help you?","U":"Book a ticket","S":"what city do you want to travel?"
Tue Jul 14 20:13:52 IST 2020 domain:trip_en clientIP:0:0:0:0:0:0:0:1 user:John sessionId:d41-ACTEUCYVMYR5 dialog:"S":"What can I do for you?","U":"Book a ticket","S":"where do you want to go?"
Tue Jul 14 20:13:52 IST 2020 domain:trip_en clientIP:0:0:0:0:0:0:0:1 user:John sessionId:d42-AF9JRM5W7OFH dialog:"S":"What can I do for you?","U":"Book a ticket","S":"what city do you want to travel?"
Tue Jul 14 20:13:52 IST 2020 domain:trip_en clientIP:0:0:0:0:0:0:0:1 user:John sessionId:d46-VW0054MLFH4T dialog:"S":"What can I do for you?","U":"Book","S":"what city do you want to travel?"
Tue Jul 14 20:13:52 IST 2020 domain:trip_en clientIP:0:0:0:0:0:0:0:1 user:John sessionId:d40-ZYECEXQWQVSX dialog:"S":"How may I help you?"
Tue Jul 14 20:13:52 IST 2020 domain:trip_en clientIP:0:0:0:0:0:0:0:1 user:John sessionId:d43-RZGHMWFABD8P dialog:"S":"What can I do for you?","U":"Hi","S":"Hello! How are you?  How may I help you?"
Tue Jul 14 21:03:02 IST 2020 domain:trip_en clientIP:0:0:0:0:0:0:0:1 user:John sessionId:d57-UC6IYECJMDHG dialog:"S":"How may I help you?","U":"Hi","S":"Hello! How are you?  How may I help you?","U":"book a ticket","S":"what city do you want to travel?","U":"Mumbai","S":"for how many persons?","U":"four","S":"Please provide me with the correct number of persons?"
Tue Jul 14 21:03:02 IST 2020 domain:trip_en clientIP:0:0:0:0:0:0:0:1 user:John sessionId:d56-XBLJGGOKYTX0 dialog:"S":"What can I do for you?","U":"book","S":"what city do you want to travel?","U":"pune","S":"for how many persons?"
Tue Jul 14 21:03:02 IST 2020 domain:trip_en clientIP:0:0:0:0:0:0:0:1 user:John sessionId:d47-E4SLGHJKPY11 dialog:"S":"What can I do for you?","U":"Book","S":"what city do you want to travel?"
Tue Jul 14 21:03:02 IST 2020 domain:trip_en clientIP:0:0:0:0:0:0:0:1 user:John sessionId:d53-4WAZUFNP3MQU dialog:"S":"How may I help you?","U":"Hi","S":"Hello! How are you?  What can I do for you?"
Tue Jul 14 21:03:02 IST 2020 domain:trip_en clientIP:0:0:0:0:0:0:0:1 user:John sessionId:d55-WO9GHKCMQTGW dialog:"S":"What can I do for you?"
Tue Jul 14 21:03:02 IST 2020 domain:trip_en clientIP:0:0:0:0:0:0:0:1 user:John sessionId:d50-FBMKFVNKB6TP dialog:"S":"How may I help you?"
Tue Jul 14 21:03:02 IST 2020 domain:trip_en clientIP:0:0:0:0:0:0:0:1 user:John sessionId:d49-SCVT1RP3W3BY dialog:"S":"How may I help you?"
Tue Jul 14 21:03:02 IST 2020 domain:trip_en clientIP:0:0:0:0:0:0:0:1 user:John sessionId:d51-WUBLTPG0RE3I dialog:"S":"What can I do for you?","U":"Hi","S":"Hello! How are you?  How may I help you?","U":"book a ticket","S":"what city do you want to travel?"
Tue Jul 14 21:03:02 IST 2020 domain:trip_en clientIP:0:0:0:0:0:0:0:1 user:John sessionId:d58-SFT2PLVBKNC1 dialog:"S":"What can I do for you?","U":"book a ticket","S":"what city do you want to travel?","U":"Mumbai","S":"for how many persons?","U":"5","S":"when do you want to leave?","U":"Today","S":"which class do you want to travel?","U":"business","S":"Hey John , this trip to Mumbai costs 255 Dollars.","S":"How may I help you?","U":"How is weather","S":"The temperature in Mumbai is 26 degrees","S":"do you want to know about other cities?","U":"London"
Tue Jul 14 21:03:02 IST 2020 domain:trip_en clientIP:0:0:0:0:0:0:0:1 user:John sessionId:d48-DKQWRRQCIBBP dialog:"S":"What can I do for you?"
Tue Jul 14 21:03:02 IST 2020 domain:trip_en clientIP:0:0:0:0:0:0:0:1 user:John sessionId:d54-L0CCUAVWTJ8Y dialog:"S":"What can I do for you?","U":"Hi","S":"Hello! How are you?  How may I help you?","U":"book","S":"what city do you want to travel?","U":"Mumbai","S":"for how many persons?","U":"4","S":"when do you want to leave?","U":"sunday","S":"which class do you want to travel?"
Tue Jul 14 21:03:02 IST 2020 domain:trip_en clientIP:0:0:0:0:0:0:0:1 user:John sessionId:d52-F7ND271BAPXK dialog:"S":"How may I help you?","U":"book","S":"what city do you want to travel?","U":"Mumbai","S":"for how many persons?"
Tue Jul 14 21:56:41 IST 2020 domain:trip_en clientIP:0:0:0:0:0:0:0:1 user:John sessionId:d61-EYENFURMJOBG dialog:"S":"What can I do for you?"
Tue Jul 14 21:56:41 IST 2020 domain:trip_en clientIP:0:0:0:0:0:0:0:1 user:John sessionId:d62-EUSCJBX9YC7L dialog:"S":"What can I do for you?","U":"Hi","S":"Hello! How are you?  What can I do for you?","U":"book","S":"what city do you want to travel?","U":"Mumbai","S":"for how many persons?"
Tue Jul 14 21:56:42 IST 2020 domain:trip_en clientIP:0:0:0:0:0:0:0:1 user:John sessionId:d59-XXSALBESVQS2 dialog:"S":"How may I help you?"
Tue Jul 14 21:56:42 IST 2020 domain:trip_en clientIP:0:0:0:0:0:0:0:1 user:John sessionId:d64-QWCDHBZU285T dialog:"S":"How may I help you?","U":"HI","S":"Hello! How are you?  What can I do for you?"
Tue Jul 14 21:56:42 IST 2020 domain:trip_en clientIP:0:0:0:0:0:0:0:1 user:John sessionId:d63-GPACBYCNLFDN dialog:"S":"What can I do for you?","U":"Hi","S":"Hello! How are you?  What can I do for you?"
Tue Jul 14 21:56:42 IST 2020 domain:trip_en clientIP:0:0:0:0:0:0:0:1 user:John sessionId:d60-3O8UFQU0SUI2 dialog:"S":"How may I help you?"
Tue Jul 14 21:56:42 IST 2020 domain:trip_en clientIP:0:0:0:0:0:0:0:1 user:John sessionId:d65-CBFM3C0QL7MM dialog:"S":"What can I do for you?","U":"Hi","S":"Hello! How are you?  How may I help you?"
