Sun Feb 11 09:37:36 IST 2018 domain:trip user: sessionId: clientIP: task:getTripInformation utterance:S: for how many persons? U: how is weather
Sun Feb 11 09:37:44 IST 2018 domain:trip user: sessionId: clientIP: task:getTripInformation utterance:S: when do you want to leave? U: mumbai
Sun Feb 11 09:38:50 IST 2018 domain:trip user: sessionId: clientIP: task:getTripInformation utterance:S: what city do you want to travel? U: cancel the task
Sun Feb 11 09:39:07 IST 2018 domain:trip user: sessionId: clientIP: task:getTripInformation utterance:S: what city do you want to travel? U: #cancelTask
Sun Feb 11 09:39:19 IST 2018 domain:trip user: sessionId: clientIP: task:getTripInformation utterance:S: where do you want to go? U: @cancelTask
Sun Feb 11 09:58:54 IST 2018 domain:trip user: sessionId: clientIP: task:getTripInformation utterance:S: for how many persons? U: how is weather
Sun Feb 11 09:59:45 IST 2018 domain:trip user: sessionId: clientIP: task:getWeatherInformation utterance:S: for which city do you want to know the weather? U: cancel the task
Sun Feb 11 09:59:57 IST 2018 domain:trip user: sessionId: clientIP: task:getWeatherInformation utterance:S: for which city do you want to know the weather? U: #cancelTask
Sun Feb 11 10:04:21 IST 2018 domain:trip user: sessionId: clientIP: task:getTripInformation utterance:S: when do you want to leave? U: cancel the task
Sun Feb 11 11:26:27 IST 2018 domain:gmeter user: sessionId: clientIP: task:EVT_getModel utterance:S: What make is your glucose meter? U: next
Sun Feb 11 12:38:25 IST 2018 domain:trip user: sessionId: clientIP: task:getTripInformation utterance:S: for how many persons? U: pune
Sun Feb 11 12:38:27 IST 2018 domain:trip user: sessionId: clientIP: task:getTripInformation utterance:S: for how many persons? U: pune
Sun Feb 11 12:38:32 IST 2018 domain:trip user: sessionId: clientIP: task:handoverTask utterance:S: for how many persons? U: pune
Sun Feb 11 12:39:22 IST 2018 domain:trip user: sessionId: clientIP: task:handoverTask utterance:S: for how many persons? U: [A
Sun Feb 11 12:42:53 IST 2018 domain:trip user: sessionId: clientIP: task:getTripInformation utterance:S: for how many persons? U: pune
Sun Feb 11 12:42:55 IST 2018 domain:trip user: sessionId: clientIP: task:getTripInformation utterance:S: for how many persons? U: pune
Sun Feb 11 12:42:58 IST 2018 domain:trip user: sessionId: clientIP: task:handoverTask utterance:S: for how many persons? U: pune
Sun Feb 11 13:19:49 IST 2018 domain:trip user: sessionId: clientIP: task:getTripInformation utterance:S: for how many persons? U: pune
Sun Feb 11 13:19:51 IST 2018 domain:trip user: sessionId: clientIP: task:getTripInformation utterance:S: for how many persons? U: pune
Sun Feb 11 13:19:55 IST 2018 domain:trip user: sessionId: clientIP: task:handoverTask utterance:S: for how many persons? U: pune
Sun Feb 11 13:20:58 IST 2018 domain:trip user: sessionId: clientIP: task:getTripInformation utterance:S: for how many persons? U: pune
Sun Feb 11 13:21:02 IST 2018 domain:trip user: sessionId: clientIP: task:getTripInformation utterance:S: for how many persons? U: pune
Sun Feb 11 13:21:05 IST 2018 domain:trip user: sessionId: clientIP: task:handoverTask utterance:S: for how many persons? U: pune
Sun Feb 11 13:49:16 IST 2018 domain:trip user: sessionId: clientIP: task:getTripInformation utterance:S: for how many persons? U: pune
Sun Feb 11 13:49:18 IST 2018 domain:trip user: sessionId: clientIP: task:getTripInformation utterance:S: for how many persons? U: pune
Sun Feb 11 13:49:21 IST 2018 domain:trip user: sessionId: clientIP: task:getTripInformation utterance:S: for how many persons? U: pune
Sun Feb 11 13:56:49 IST 2018 domain:trip user: sessionId: clientIP: task:getTripInformation utterance:S: for how many persons? U: pune
Sun Feb 11 13:56:51 IST 2018 domain:trip user: sessionId: clientIP: task:getTripInformation utterance:S: for how many persons? U: pune
Sun Feb 11 13:56:54 IST 2018 domain:trip user: sessionId: clientIP: task:getTripInformation utterance:S: for how many persons? U: pune
Sun Feb 11 13:58:38 IST 2018 domain:trip user: sessionId: clientIP: task:getTripInformation utterance:S: for how many persons? U: pune
Sun Feb 11 13:58:40 IST 2018 domain:trip user: sessionId: clientIP: task:getTripInformation utterance:S: for how many persons? U: pune
Sun Feb 11 13:58:42 IST 2018 domain:trip user: sessionId: clientIP: task:getTripInformation utterance:S: for how many persons? U: pune
Sun Feb 11 13:59:01 IST 2018 domain:trip user: sessionId: clientIP: task:getTripInformation utterance:S: for how many persons? U: pune
Sun Feb 11 13:59:03 IST 2018 domain:trip user: sessionId: clientIP: task:getTripInformation utterance:S: for how many persons? U: pune
Sun Feb 11 13:59:04 IST 2018 domain:trip user: sessionId: clientIP: task:getTripInformation utterance:S: for how many persons? U: pune
Sun Feb 11 13:59:06 IST 2018 domain:trip user: sessionId: clientIP: task:getTripInformation utterance:S: for how many persons? U: pune
Sun Feb 11 15:37:40 IST 2018 domain:trip user: sessionId: clientIP: task:getTripInformation utterance:S: for how many persons? U: pune
Sun Feb 11 15:37:42 IST 2018 domain:trip user: sessionId: clientIP: task:getTripInformation utterance:S: for how many persons? U: pune
Sun Feb 11 15:39:24 IST 2018 domain:trip user: sessionId: clientIP: task:getTripInformation utterance:S: for how many persons? U: pune
Sun Feb 11 15:39:26 IST 2018 domain:trip user: sessionId: clientIP: task:getTripInformation utterance:S: for how many persons? U: pune
Sun Feb 11 15:42:59 IST 2018 domain:trip user: sessionId: clientIP: task:getTripInformation utterance:S: for how many persons? U: pune
Sun Feb 11 15:43:01 IST 2018 domain:trip user: sessionId: clientIP: task:getTripInformation utterance:S: for how many persons? U: pune
Sun Feb 11 15:46:26 IST 2018 domain:trip user: sessionId: clientIP: task:getTripInformation utterance:S: when do you want to leave? U: 3
Sun Feb 11 15:46:27 IST 2018 domain:trip user: sessionId: clientIP: task:getTripInformation utterance:S: when do you want to leave? U: 3
Sun Feb 11 15:48:43 IST 2018 domain:trip user: sessionId: clientIP: task:getTripInformation utterance:S: when do you want to leave? U: 4
Sun Feb 11 15:48:59 IST 2018 domain:trip user: sessionId: clientIP: task:getTripInformation utterance:S: which class would you like to travel? U: 4
Sun Feb 11 15:52:41 IST 2018 domain:trip user: sessionId: clientIP: task:getTripInformation utterance:S: what city do you want to travel? U: 4
Sun Feb 11 15:52:43 IST 2018 domain:trip user: sessionId: clientIP: task:getTripInformation utterance:S: where do you want to go? U: 4
Sun Feb 11 15:58:36 IST 2018 domain:dummy2 user: sessionId: clientIP: task:getTripInformation utterance:S: for how many persons? U: sachin
Sun Feb 11 15:58:43 IST 2018 domain:dummy2 user: sessionId: clientIP: task:getTripInformation utterance:S: when do you want to leave? U: sachin
Sun Feb 11 15:58:52 IST 2018 domain:dummy2 user: sessionId: clientIP: task:getTripInformation utterance:S: when do you want to come back? U: sachin
Sun Feb 11 15:59:00 IST 2018 domain:dummy2 user: sessionId: clientIP: task:getTripInformation utterance:S: when do you want to come back? U: sachin
Sun Feb 11 15:59:56 IST 2018 domain:dummy2 user: sessionId: clientIP: task:start utterance:S: How may I help you? U: clear
Sun Feb 11 18:07:58 IST 2018 domain:trip user: sessionId: clientIP: task:getTripInformation utterance:S: for how many persons? U: sachin
Sun Feb 11 18:08:02 IST 2018 domain:trip user: sessionId: clientIP: task:getTripInformation utterance:S: for how many persons? U: sachin
Sun Feb 11 18:08:15 IST 2018 domain:trip user: sessionId: clientIP: task:getTripInformation utterance:S: when do you want to leave? U: sachin
Sun Feb 11 18:10:52 IST 2018 domain:trip user: sessionId: clientIP: task:getWeatherInformation utterance:S: for which city do you want to know the weather? U: sachin
Sun Feb 11 18:10:59 IST 2018 domain:trip user: sessionId: clientIP: task:getWeatherInformation utterance:S: for which city do you want to know the weather? U: sachin
Sun Feb 11 18:11:02 IST 2018 domain:trip user: sessionId: clientIP: task:getWeatherInformation utterance:S: for which city do you want to know the weather? U: sachin
Sun Feb 11 18:25:56 IST 2018 domain:trip user: sessionId: clientIP: task:getTripInformation utterance:S: for how many persons? U: hamper the task
Sun Feb 11 18:26:05 IST 2018 domain:trip user: sessionId: clientIP: task:getTripInformation utterance:S: for how many persons? U: hamper this task
Sun Feb 11 18:26:27 IST 2018 domain:trip user: sessionId: clientIP: task:getTripInformation utterance:S: for how many persons? U: I want to hamper this process
Sun Feb 11 18:27:01 IST 2018 domain:trip user: sessionId: clientIP: task:getTripInformation utterance:S: for how many persons? U: hamper this process
Sun Feb 11 22:23:12 IST 2018 domain:trip user:John sessionId:d1-NDMMAMPK0XFS clientIP:192.168.0.105 task:start utterance:S: How may I help you? U: sachin
Sun Feb 11 22:34:50 IST 2018 domain:gmeter user:John sessionId:d1-ZIEHHFVN1CPV clientIP:192.168.0.105 task:EVT_getModel utterance:S: What make is your glucose meter? U: yes
Sun Feb 11 22:35:22 IST 2018 domain:gmeter user:John sessionId:d1-ZIEHHFVN1CPV clientIP:192.168.0.105 task:EVT_Step_1_Bayer utterance:S:  U: Bayer
