Wed Apr 11 12:26:37 IST 2018 domain:trip user: sessionId: clientIP: task:getTripInformation TYPE:GroovyAction@1a942c18
Wed Apr 11 13:59:35 IST 2018 domain:trip user: sessionId: clientIP: task:getTripInformation TYPE:GroovyAction@1a942c18
Wed Apr 11 14:03:11 IST 2018 domain:trip user: sessionId: clientIP: task:getTripInformation TYPE:GroovyAction@3c77d488
Wed Apr 11 14:03:18 IST 2018 domain:trip user: sessionId: clientIP: task:getWeatherInformation TYPE:HTTPAction@5cdd09b1
Wed Apr 11 14:07:11 IST 2018 domain:trip user: sessionId: clientIP: task:getTripInformation TYPE:GroovyAction@1a942c18
Wed Apr 11 14:18:35 IST 2018 domain:trip user: sessionId: clientIP: task:getTripInformation TYPE:GroovyAction@1a942c18
Wed Apr 11 14:18:50 IST 2018 domain:trip user: sessionId: clientIP: task:getWeatherInformation TYPE:HTTPAction@366c4480
Wed Apr 11 14:23:35 IST 2018 domain:trip user: sessionId: clientIP: task:getTripInformation TYPE:GroovyAction@55a147cc
Wed Apr 11 14:23:50 IST 2018 domain:trip user: sessionId: clientIP: task:getWeatherInformation TYPE:HTTPAction@2c7b5824
Wed Apr 11 14:33:53 IST 2018 domain:trip user: sessionId: clientIP: task:getWeatherInformation TYPE:HTTPAction@a38c7fe
Wed Apr 11 14:34:35 IST 2018 domain:trip user: sessionId: clientIP: task:getTripInformation TYPE:GroovyAction@4c60d6e9
Wed Apr 11 14:39:46 IST 2018 domain:trip user: sessionId: clientIP: task:getWeatherInformation TYPE:HTTPAction@a38c7fe
Wed Apr 11 14:57:37 IST 2018 domain:trip user: sessionId: clientIP: task:getWeatherInformation TYPE:HTTPAction@a38c7fe
Wed Apr 11 15:02:49 IST 2018 domain:trip user: sessionId: clientIP: task:getTripInformation TYPE:GroovyAction@63376bed
Wed Apr 11 15:02:56 IST 2018 domain:trip user: sessionId: clientIP: task:getWeatherInformation TYPE:HTTPAction@8c11eee
Wed Apr 11 15:03:20 IST 2018 domain:trip user: sessionId: clientIP: task:getWeatherInformation TYPE:HTTPAction@8c11eee
Wed Apr 11 15:12:23 IST 2018 domain:trip user: sessionId: clientIP: task:handoverTask TYPE:GroovyAction@52719fb6
Wed Apr 11 15:12:30 IST 2018 domain:trip user: sessionId: clientIP: task:getWeatherInformation TYPE:HTTPAction@53dacd14
Wed Apr 11 15:12:57 IST 2018 domain:trip user: sessionId: clientIP: task:getTripInformation TYPE:GroovyAction@7b8233cd
Wed Apr 11 15:12:57 IST 2018 domain:trip user: sessionId: clientIP: task:getWeatherInformation TYPE:HTTPAction@53dacd14
Wed Apr 11 15:24:19 IST 2018 domain:trip user: sessionId: clientIP: task:getWeatherInformation TYPE:HTTPAction@a38c7fe
Wed Apr 11 15:25:12 IST 2018 domain:trip user: sessionId: clientIP: task:getTripInformation TYPE:GroovyAction@4c60d6e9
Wed Apr 11 15:25:31 IST 2018 domain:trip user: sessionId: clientIP: task:getWikipediaCityInfo TYPE:HTTPAction@52d239ba
Wed Apr 11 15:28:57 IST 2018 domain:trip user: sessionId: clientIP: task:getWeatherInformation TYPE:HTTPAction@6221a451
Wed Apr 11 15:29:25 IST 2018 domain:trip user: sessionId: clientIP: task:getTripInformation TYPE:GroovyAction@4a83a74a
Wed Apr 11 15:30:54 IST 2018 domain:trip user: sessionId: clientIP: task:getTripInformation TYPE:GroovyAction@4a83a74a
Wed Apr 11 15:31:08 IST 2018 domain:trip user: sessionId: clientIP: task:getWeatherInformation TYPE:HTTPAction@6221a451
Wed Apr 11 15:32:30 IST 2018 domain:trip user: sessionId: clientIP: task:getWeatherInformation TYPE:HTTPAction@a38c7fe
Wed Apr 11 15:42:33 IST 2018 domain:trip user: sessionId: clientIP: task:getWeatherInformation TYPE:HTTPAction@a38c7fe
Wed Apr 11 15:46:29 IST 2018 domain:trip user: sessionId: clientIP: task:getTripInformation TYPE:GroovyAction@28261e8e
Wed Apr 11 15:52:22 IST 2018 domain:trip user: sessionId: clientIP: task:getWeatherInformation TYPE:HTTPAction@a38c7fe
Wed Apr 11 15:58:56 IST 2018 domain:trip user: sessionId: clientIP: task:getWeatherInformation TYPE:HTTPAction@a38c7fe
Wed Apr 11 16:06:04 IST 2018 domain:trip user: sessionId: clientIP: task:getWeatherInformation TYPE:HTTPAction@a38c7fe
Wed Apr 11 16:06:44 IST 2018 domain:trip user: sessionId: clientIP: task:getTripInformation TYPE:GroovyAction@4c60d6e9
Wed Apr 11 16:18:39 IST 2018 domain:trip user: sessionId: clientIP: task:getWeatherInformation TYPE:HTTPAction@a38c7fe
Wed Apr 11 16:19:04 IST 2018 domain:trip user: sessionId: clientIP: task:getTripInformation TYPE:GroovyAction@4c60d6e9
Wed Apr 11 20:31:05 IST 2018 domain:trip user: sessionId: clientIP: task:cancelTask TYPE:GroovyAction@2e6a8155
Wed Apr 11 20:31:14 IST 2018 domain:trip user: sessionId: clientIP: task:getWeatherInformation TYPE:HTTPAction@25641d39
