Sat Jun 09 17:46:04 IST 2018 domain:trip_en user: sessionId: clientIP: task:getTripInformation TYPE:GroovyAction@1b11171f
Sat Jun 09 17:48:03 IST 2018 domain:trip_en user: sessionId: clientIP: task:getTripInformation TYPE:GroovyAction@2dc54ad4
Sat Jun 09 17:57:03 IST 2018 domain:trip_en user: sessionId: clientIP: task:getTripInformation TYPE:GroovyAction@4b8ee4de
Sat Jun 09 17:58:56 IST 2018 domain:trip_en user: sessionId: clientIP: task:getTripInformation TYPE:GroovyAction@2dc54ad4
Sat Jun 09 18:00:28 IST 2018 domain:trip_en user: sessionId: clientIP: task:getTripInformation TYPE:GroovyAction@4b8ee4de
Sat Jun 09 18:02:06 IST 2018 domain:trip_en user: sessionId: clientIP: task:getTripInformation TYPE:GroovyAction@47d9a273
Sat Jun 09 18:03:41 IST 2018 domain:trip_en user: sessionId: clientIP: task:getTripInformation TYPE:GroovyAction@4b8ee4de
Sat Jun 09 18:05:39 IST 2018 domain:trip_en user: sessionId: clientIP: task:getTripInformation TYPE:GroovyAction@4b8ee4de
Sat Jun 09 18:08:41 IST 2018 domain:trip_test user: sessionId: clientIP: task:getTripInformation TYPE:GroovyAction@1151e434
Sat Jun 09 18:12:26 IST 2018 domain:trip_test user: sessionId: clientIP: task:getTripInformation TYPE:GroovyAction@4b8ee4de
Sat Jun 09 18:13:36 IST 2018 domain:trip_test user: sessionId: clientIP: task:getTripInformation TYPE:GroovyAction@47d9a273
Sat Jun 09 18:14:27 IST 2018 domain:trip_test user: sessionId: clientIP: task:getTripInformation TYPE:GroovyAction@47d9a273
Sat Jun 09 18:17:01 IST 2018 domain:trip_test user: sessionId: clientIP: task:getTripInformation TYPE:GroovyAction@47d9a273
Sat Jun 09 18:17:51 IST 2018 domain:trip_test user: sessionId: clientIP: task:getTripInformation TYPE:GroovyAction@47d9a273
Sat Jun 09 18:18:34 IST 2018 domain:trip_test user: sessionId: clientIP: task:getTripInformation TYPE:GroovyAction@47d9a273
Sat Jun 09 18:20:45 IST 2018 domain:trip_hi user: sessionId: clientIP: task:getTripInformation TYPE:GroovyAction@17d919b6
Sat Jun 09 18:24:58 IST 2018 domain:trip_test user: sessionId: clientIP: task:getTripInformation TYPE:GroovyAction@47d9a273
Sat Jun 09 18:28:39 IST 2018 domain:trip_test user:test sessionId: clientIP: task:getTripInformation TYPE:GroovyAction@47d9a273
Sat Jun 09 18:39:17 IST 2018 domain:trip_test user:test sessionId: clientIP: task:getTripInformation TYPE:GroovyAction@47d9a273
Sat Jun 09 18:41:15 IST 2018 domain:trip_test user:test sessionId: clientIP: task:getTripInformation TYPE:GroovyAction@47d9a273
Sat Jun 09 18:43:06 IST 2018 domain:trip_test user:test sessionId: clientIP: task:getTripInformation TYPE:GroovyAction@47d9a273
Sat Jun 09 18:44:51 IST 2018 domain:trip_test user:test sessionId: clientIP: task:getTripInformation TYPE:GroovyAction@1151e434
Sat Jun 09 18:48:38 IST 2018 domain:trip_test user:test sessionId: clientIP: task:getTripInformation TYPE:GroovyAction@47d9a273
Sat Jun 09 19:12:21 IST 2018 domain:trip_test user:test sessionId: clientIP: task:getTripInformation TYPE:GroovyAction@47d9a273
Sat Jun 09 19:18:06 IST 2018 domain:trip_test user:test sessionId: clientIP: task:getTripInformation TYPE:GroovyAction@47d9a273
Sat Jun 09 19:22:02 IST 2018 domain:trip_test user:test sessionId: clientIP: task:getTripInformation TYPE:GroovyAction@47d9a273
Sat Jun 09 19:22:40 IST 2018 domain:trip_test user:test sessionId: clientIP: task:getTripInformation TYPE:GroovyAction@47d9a273
Sat Jun 09 19:23:19 IST 2018 domain:trip_test user:test sessionId: clientIP: task:getTripInformation TYPE:GroovyAction@47d9a273
Sat Jun 09 19:24:27 IST 2018 domain:trip_test user:test sessionId: clientIP: task:getTripInformation TYPE:GroovyAction@47d9a273
Sat Jun 09 19:25:50 IST 2018 domain:trip_test user:test sessionId: clientIP: task:getTripInformation TYPE:GroovyAction@47d9a273
Sat Jun 09 19:34:46 IST 2018 domain:trip_test user:test sessionId: clientIP: task:getTripInformation TYPE:GroovyAction@47d9a273
Sat Jun 09 19:38:08 IST 2018 domain:trip_test user:test sessionId: clientIP: task:getTripInformation TYPE:GroovyAction@47d9a273
Sat Jun 09 19:40:14 IST 2018 domain:trip_test user:test sessionId: clientIP: task:getTripInformation TYPE:GroovyAction@47d9a273
Sat Jun 09 19:41:02 IST 2018 domain:trip_test user:test sessionId: clientIP: task:getTripInformation TYPE:GroovyAction@47d9a273
Sat Jun 09 19:46:14 IST 2018 domain:trip_test user:test sessionId: clientIP: task:getTripInformation TYPE:GroovyAction@47d9a273
Sat Jun 09 19:51:58 IST 2018 domain:trip_test user:test sessionId: clientIP: task:getTripInformation TYPE:GroovyAction@47d9a273
Sat Jun 09 19:53:11 IST 2018 domain:trip_test user:test sessionId: clientIP: task:getTripInformation TYPE:GroovyAction@47d9a273
Sat Jun 09 21:29:55 IST 2018 domain:trip_test user:test sessionId: clientIP: task:getTripInformation TYPE:GroovyAction@4b8ee4de
Sat Jun 09 21:49:33 IST 2018 domain:trip_test user:test sessionId: clientIP: task:getTripInformation TYPE:GroovyAction@47d9a273
Sat Jun 09 21:56:21 IST 2018 domain:trip_test user:test sessionId: clientIP: task:getTripInformation TYPE:GroovyAction@47d9a273
Sat Jun 09 22:06:06 IST 2018 domain:trip_test user:test sessionId: clientIP: task:cancelTask TYPE:GroovyAction@3012646b
Sat Jun 09 22:06:23 IST 2018 domain:trip_test user:test sessionId: clientIP: task:cancelTask TYPE:GroovyAction@3012646b
Sat Jun 09 22:20:48 IST 2018 domain:trip_test user:test sessionId: clientIP: task:test TYPE:GroovyAction@1de5f259
Sat Jun 09 22:24:42 IST 2018 domain:trip_test user:test sessionId: clientIP: task:test TYPE:GroovyAction@1de5f259
Sat Jun 09 22:25:36 IST 2018 domain:trip_test user:test sessionId: clientIP: task:test TYPE:GroovyAction@1de5f259
Sat Jun 09 22:25:44 IST 2018 domain:trip_test user:test sessionId: clientIP: task:getTripInformation TYPE:GroovyAction@4b45dcb8
Sat Jun 09 22:51:22 IST 2018 domain:trip_test user:test sessionId: clientIP: task:test TYPE:GroovyAction@1de5f259
Sat Jun 09 22:51:25 IST 2018 domain:trip_test user:test sessionId: clientIP: task:getTripInformation TYPE:GroovyAction@2072acb2
Sat Jun 09 22:52:30 IST 2018 domain:trip_test user:test sessionId: clientIP: task:test TYPE:GroovyAction@1de5f259
Sat Jun 09 23:03:05 IST 2018 domain:trip_test user:test sessionId: clientIP: task:test TYPE:GroovyAction@31fa1761
Sat Jun 09 23:03:57 IST 2018 domain:trip_test user:test sessionId: clientIP: task:test TYPE:GroovyAction@31fa1761
Sat Jun 09 23:22:48 IST 2018 domain:trip_test user:test sessionId: clientIP: task:test TYPE:GroovyAction@31fa1761
Sat Jun 09 23:22:56 IST 2018 domain:trip_test user:test sessionId: clientIP: task:getTripInformation TYPE:GroovyAction@35a9782c
Sat Jun 09 23:24:30 IST 2018 domain:trip_test user:test sessionId: clientIP: task:test TYPE:GroovyAction@31fa1761
Sat Jun 09 23:27:02 IST 2018 domain:trip_test user:John sessionId:d1-GKWNFJWYPZSE clientIP:192.168.0.107 task:test TYPE:GroovyAction@1cb3399b
Sat Jun 09 23:27:10 IST 2018 domain:trip_test user:John sessionId:d1-GKWNFJWYPZSE clientIP:192.168.0.107 task:cancelTask TYPE:GroovyAction@254d4269
Sat Jun 09 23:27:52 IST 2018 domain:trip_test user:John sessionId:d1-GKWNFJWYPZSE clientIP:192.168.0.107 task:cancelTask TYPE:GroovyAction@254d4269
Sat Jun 09 23:42:21 IST 2018 domain:trip_test user:John sessionId:d2-AUOKLKXVQUFJ clientIP:192.168.0.107 task:test TYPE:GroovyAction@3f0a929e
Sat Jun 09 23:42:35 IST 2018 domain:trip_test user:John sessionId:d2-AUOKLKXVQUFJ clientIP:192.168.0.107 task:getTripInformation TYPE:GroovyAction@48cd0501
Sat Jun 09 23:42:49 IST 2018 domain:trip_test user:John sessionId:d2-AUOKLKXVQUFJ clientIP:192.168.0.107 task:cancelTask TYPE:GroovyAction@66ef186a
Sat Jun 09 23:43:24 IST 2018 domain:trip_test user:Puru sessionId:d1-H6BJ1WHDAV2P clientIP:192.168.0.107 task:test TYPE:GroovyAction@3599d116
Sat Jun 09 23:43:51 IST 2018 domain:trip_test user:Puru sessionId:d1-H6BJ1WHDAV2P clientIP:192.168.0.107 task:cancelTask TYPE:GroovyAction@735203f9
Sat Jun 09 23:50:42 IST 2018 domain:trip_test user:Puru sessionId:d1-H6BJ1WHDAV2P clientIP:192.168.0.107 task:cancelTask TYPE:GroovyAction@735203f9
