Thu Sep 20 00:05:09 IST 2018 domain:trip_test user:test sessionId: clientIP: task:test TYPE:GroovyAction@69504ae9
Thu Sep 20 00:05:14 IST 2018 domain:trip_test user:test sessionId: clientIP: task:EVT_getFeedback TYPE:GroovyAction@7db82169
Thu Sep 20 00:05:18 IST 2018 domain:trip_test user:test sessionId: clientIP: task:EVT_getARReady TYPE:GroovyAction@5ea502e0
Thu Sep 20 00:05:19 IST 2018 domain:trip_test user:test sessionId: clientIP: task:EVT_Step_1_Bayer TYPE:GroovyAction@7692cd34
Thu Sep 20 00:05:23 IST 2018 domain:trip_test user:test sessionId: clientIP: task:EVT_Step_2_Bayer TYPE:GroovyAction@53bc1328
Thu Sep 20 00:05:30 IST 2018 domain:trip_test user:test sessionId: clientIP: task:cancelTask TYPE:GroovyAction@13c612bd
Thu Sep 20 00:06:00 IST 2018 domain:trip_test user:test sessionId: clientIP: task:cancelTask TYPE:GroovyAction@13c612bd
Thu Sep 20 00:07:01 IST 2018 domain:trip_test user:test sessionId: clientIP: task:getTripInformation TYPE:GroovyAction@c0b41d6
Thu Sep 20 09:59:26 IST 2018 domain:trip_en user:test sessionId: clientIP: task:getWeatherInformation TYPE:HTTPAction@4a883b15
Thu Sep 20 09:59:52 IST 2018 domain:trip_en user:test sessionId: clientIP: task:cancelTask TYPE:GroovyAction@53fb3dab
Thu Sep 20 10:02:17 IST 2018 domain:trip_en user:test sessionId: clientIP: task:getWeatherInformation TYPE:HTTPAction@3012646b
Thu Sep 20 10:02:58 IST 2018 domain:trip_en user:test sessionId: clientIP: task:cancelTask TYPE:GroovyAction@4b013c76
Thu Sep 20 10:19:48 IST 2018 domain:trip_test user:test sessionId: clientIP: task:getTripInformation TYPE:GroovyAction@1e6a3214
Thu Sep 20 10:20:00 IST 2018 domain:trip_test user:test sessionId: clientIP: task:test TYPE:GroovyAction@6e1d8f9e
Thu Sep 20 10:33:54 IST 2018 domain:trip_test user:test sessionId: clientIP: task:getTripInformation TYPE:GroovyAction@1e6a3214
Thu Sep 20 10:34:05 IST 2018 domain:trip_test user:test sessionId: clientIP: task:test TYPE:GroovyAction@6e1d8f9e
Thu Sep 20 10:34:24 IST 2018 domain:trip_test user:test sessionId: clientIP: task:EVT_getFeedback TYPE:GroovyAction@5c48c0c0
Thu Sep 20 10:34:39 IST 2018 domain:trip_test user:test sessionId: clientIP: task:EVT_getARReady TYPE:GroovyAction@6a175569
Thu Sep 20 10:34:39 IST 2018 domain:trip_test user:test sessionId: clientIP: task:EVT_Step_1_Bayer TYPE:GroovyAction@159e366
Thu Sep 20 10:34:49 IST 2018 domain:trip_test user:test sessionId: clientIP: task:EVT_Step_2_Bayer TYPE:GroovyAction@5d332969
Thu Sep 20 10:35:13 IST 2018 domain:trip_test user:test sessionId: clientIP: task:EVT_Step_3_Bayer TYPE:GroovyAction@49bf29c6
Thu Sep 20 10:35:28 IST 2018 domain:trip_test user:test sessionId: clientIP: task:EVT_Step_2_Bayer TYPE:GroovyAction@5d332969
Thu Sep 20 10:35:47 IST 2018 domain:trip_test user:test sessionId: clientIP: task:EVT_Step_3_Bayer TYPE:GroovyAction@49bf29c6
Thu Sep 20 10:35:50 IST 2018 domain:trip_test user:test sessionId: clientIP: task:EVT_Step_4_Bayer TYPE:GroovyAction@4fdf8f12
Thu Sep 20 10:35:58 IST 2018 domain:trip_test user:test sessionId: clientIP: task:cancelTask TYPE:GroovyAction@27f0ad19
Thu Sep 20 10:46:57 IST 2018 domain:trip_test user:test sessionId: clientIP: task:test TYPE:GroovyAction@69504ae9
Thu Sep 20 10:47:03 IST 2018 domain:trip_test user:test sessionId: clientIP: task:EVT_getFeedback TYPE:GroovyAction@7db82169
Thu Sep 20 10:47:10 IST 2018 domain:trip_test user:test sessionId: clientIP: task:EVT_getARReady TYPE:GroovyAction@5ea502e0
Thu Sep 20 10:47:10 IST 2018 domain:trip_test user:test sessionId: clientIP: task:EVT_Step_1_Bayer TYPE:GroovyAction@7692cd34
Thu Sep 20 10:47:27 IST 2018 domain:trip_test user:test sessionId: clientIP: task:EVT_Step_2_Bayer TYPE:GroovyAction@53bc1328
Thu Sep 20 10:47:32 IST 2018 domain:trip_test user:test sessionId: clientIP: task:EVT_Step_3_Bayer TYPE:GroovyAction@50b0bc4c
Thu Sep 20 10:47:40 IST 2018 domain:trip_test user:test sessionId: clientIP: task:EVT_Step_4_Bayer TYPE:GroovyAction@28fa700e
Thu Sep 20 10:47:48 IST 2018 domain:trip_test user:test sessionId: clientIP: task:cancelTask TYPE:GroovyAction@f325091
Thu Sep 20 10:55:51 IST 2018 domain:trip_test user:test sessionId: clientIP: task:getTripInformation TYPE:GroovyAction@1e6a3214
Thu Sep 20 10:57:11 IST 2018 domain:trip_test user:test sessionId: clientIP: task:cancelTask TYPE:GroovyAction@c5ee75e
Thu Sep 20 10:57:53 IST 2018 domain:trip_test user:test sessionId: clientIP: task:test TYPE:GroovyAction@62fe6067
Thu Sep 20 10:58:04 IST 2018 domain:trip_test user:test sessionId: clientIP: task:EVT_getFeedback TYPE:GroovyAction@674c583e
Thu Sep 20 10:58:13 IST 2018 domain:trip_test user:test sessionId: clientIP: task:EVT_getARReady TYPE:GroovyAction@3f3c966c
Thu Sep 20 10:58:13 IST 2018 domain:trip_test user:test sessionId: clientIP: task:EVT_Step_1_Bayer TYPE:GroovyAction@24528a25
Thu Sep 20 11:07:37 IST 2018 domain:trip_test user:test sessionId: clientIP: task:getTripInformation TYPE:GroovyAction@1e6a3214
Thu Sep 20 11:08:08 IST 2018 domain:trip_test user:test sessionId: clientIP: task:test TYPE:GroovyAction@3234f74e
Thu Sep 20 11:08:15 IST 2018 domain:trip_test user:test sessionId: clientIP: task:EVT_getFeedback TYPE:GroovyAction@62dae245
Thu Sep 20 11:08:21 IST 2018 domain:trip_test user:test sessionId: clientIP: task:EVT_getARReady TYPE:GroovyAction@61e3a1fd
Thu Sep 20 11:08:21 IST 2018 domain:trip_test user:test sessionId: clientIP: task:EVT_Step_1_Bayer TYPE:GroovyAction@3b718392
Thu Sep 20 11:08:26 IST 2018 domain:trip_test user:test sessionId: clientIP: task:EVT_Step_2_Bayer TYPE:GroovyAction@5c371e13
Thu Sep 20 11:08:29 IST 2018 domain:trip_test user:test sessionId: clientIP: task:EVT_Step_3_Bayer TYPE:GroovyAction@aa5455e
Thu Sep 20 11:08:33 IST 2018 domain:trip_test user:test sessionId: clientIP: task:EVT_Step_4_Bayer TYPE:GroovyAction@5987e932
Thu Sep 20 11:08:42 IST 2018 domain:trip_test user:test sessionId: clientIP: task:cancelTask TYPE:GroovyAction@6979efad
Thu Sep 20 12:23:20 IST 2018 domain:trip_test user:test sessionId: clientIP: task:getTripInformation TYPE:GroovyAction@1e6a3214
Thu Sep 20 12:26:40 IST 2018 domain:trip_test user:test sessionId: clientIP: task:test TYPE:GroovyAction@6e1d8f9e
Thu Sep 20 12:26:44 IST 2018 domain:trip_test user:test sessionId: clientIP: task:EVT_getFeedback TYPE:GroovyAction@5c48c0c0
Thu Sep 20 12:26:54 IST 2018 domain:trip_test user:test sessionId: clientIP: task:EVT_getARReady TYPE:GroovyAction@6a175569
Thu Sep 20 12:26:55 IST 2018 domain:trip_test user:test sessionId: clientIP: task:EVT_Step_1_Bayer TYPE:GroovyAction@159e366
Thu Sep 20 12:27:07 IST 2018 domain:trip_test user:test sessionId: clientIP: task:EVT_Step_2_Bayer TYPE:GroovyAction@5d332969
Thu Sep 20 12:27:26 IST 2018 domain:trip_test user:test sessionId: clientIP: task:EVT_Step_3_Bayer TYPE:GroovyAction@49bf29c6
Thu Sep 20 12:28:07 IST 2018 domain:trip_test user:test sessionId: clientIP: task:EVT_Step_4_Bayer TYPE:GroovyAction@530a8454
Thu Sep 20 12:28:15 IST 2018 domain:trip_test user:test sessionId: clientIP: task:EVT_Step_5_Bayer TYPE:GroovyAction@aa5455e
