Sat Oct 13 14:42:54 IST 2018 domain:trip_test user:test sessionId: clientIP: task:helpTask TYPE:GroovyAction@2e385cce
Sat Oct 13 14:44:31 IST 2018 domain:trip_test user:test sessionId: clientIP: task:getWeatherInformation TYPE:HTTPAction@3b2c0e88
Sat Oct 13 14:47:24 IST 2018 domain:trip_test user:test sessionId: clientIP: task:helpTask TYPE:GroovyAction@3c77d488
Sat Oct 13 14:48:13 IST 2018 domain:trip_test user:test sessionId: clientIP: task:getWeatherInformation TYPE:HTTPAction@b6b1987
Sat Oct 13 14:50:13 IST 2018 domain:trip_test user:test sessionId: clientIP: task:helpTask TYPE:GroovyAction@3c77d488
Sat Oct 13 14:53:03 IST 2018 domain:trip_test user:test sessionId: clientIP: task:test TYPE:GroovyAction@5c7bfdc1
Sat Oct 13 14:53:22 IST 2018 domain:trip_test user:test sessionId: clientIP: task:helpTask TYPE:GroovyAction@48c35007
Sat Oct 13 15:02:04 IST 2018 domain:trip_test user:test sessionId: clientIP: task:test TYPE:GroovyAction@5c7bfdc1
Sat Oct 13 15:02:36 IST 2018 domain:trip_test user:test sessionId: clientIP: task:helpTask TYPE:GroovyAction@48c35007
Sat Oct 13 15:12:36 IST 2018 domain:trip_test user:test sessionId: clientIP: task:test TYPE:GroovyAction@5c7bfdc1
Sat Oct 13 15:13:05 IST 2018 domain:trip_test user:test sessionId: clientIP: task:helpTask TYPE:GroovyAction@48c35007
Sat Oct 13 15:21:10 IST 2018 domain:trip_test user:test sessionId: clientIP: task:test TYPE:GroovyAction@5c7bfdc1
Sat Oct 13 15:23:28 IST 2018 domain:trip_test user:test sessionId: clientIP: task:helpTask TYPE:GroovyAction@72a85671
Sat Oct 13 15:26:39 IST 2018 domain:trip_test user:test sessionId: clientIP: task:helpTask TYPE:GroovyAction@72a85671
Sat Oct 13 15:27:55 IST 2018 domain:trip_test user:test sessionId: clientIP: task:helpTask TYPE:GroovyAction@17503f6b
Sat Oct 13 15:28:07 IST 2018 domain:trip_test user:test sessionId: clientIP: task:cancelTask TYPE:GroovyAction@62fad19
Sat Oct 13 15:28:39 IST 2018 domain:trip_test user:test sessionId: clientIP: task:test TYPE:GroovyAction@6c8bca63
Sat Oct 13 15:29:13 IST 2018 domain:trip_test user:test sessionId: clientIP: task:helpTask TYPE:GroovyAction@17503f6b
Sat Oct 13 15:48:05 IST 2018 domain:trip_test user:test sessionId: clientIP: task:test TYPE:GroovyAction@5c7bfdc1
Sat Oct 13 15:48:32 IST 2018 domain:trip_test user:test sessionId: clientIP: task:helpTask TYPE:GroovyAction@48c35007
Sat Oct 13 16:20:11 IST 2018 domain:trip_test user:test sessionId: clientIP: task:getWeatherInformation TYPE:HTTPAction@25641d39
Sat Oct 13 16:20:24 IST 2018 domain:trip_test user:test sessionId: clientIP: task:test TYPE:GroovyAction@3b6d844d
Sat Oct 13 16:20:46 IST 2018 domain:trip_test user:test sessionId: clientIP: task:helpTask TYPE:GroovyAction@3c0fae6c
Sat Oct 13 16:24:47 IST 2018 domain:trip_test user:test sessionId: clientIP: task:getWeatherInformation TYPE:HTTPAction@25641d39
Sat Oct 13 16:25:38 IST 2018 domain:trip_test user:test sessionId: clientIP: task:test TYPE:GroovyAction@3b6d844d
Sat Oct 13 16:26:03 IST 2018 domain:trip_test user:test sessionId: clientIP: task:helpTask TYPE:GroovyAction@fd0e5b6
Sat Oct 13 17:04:32 IST 2018 domain:trip_test user:test sessionId: clientIP: task:test TYPE:GroovyAction@46d59067
Sat Oct 13 17:04:53 IST 2018 domain:trip_test user:test sessionId: clientIP: task:helpTask TYPE:GroovyAction@346a361
Sat Oct 13 17:16:58 IST 2018 domain:trip_test user:test sessionId: clientIP: task:helpTask TYPE:GroovyAction@346a361
Sat Oct 13 17:31:50 IST 2018 domain:trip_test user:test sessionId: clientIP: task:getTripInformation TYPE:GroovyAction@d86a6f
Sat Oct 13 17:32:30 IST 2018 domain:trip_test user:test sessionId: clientIP: task:helpTask TYPE:GroovyAction@366ef90e
Sat Oct 13 17:33:24 IST 2018 domain:trip_test user:test sessionId: clientIP: task:test TYPE:GroovyAction@f27ea3
Sat Oct 13 17:33:53 IST 2018 domain:trip_test user:test sessionId: clientIP: task:helpTask TYPE:GroovyAction@366ef90e
Sat Oct 13 17:35:27 IST 2018 domain:trip_test user:test sessionId: clientIP: task:test TYPE:GroovyAction@5c7bfdc1
Sat Oct 13 17:35:52 IST 2018 domain:trip_test user:test sessionId: clientIP: task:helpTask TYPE:GroovyAction@48c35007
Sat Oct 13 17:36:41 IST 2018 domain:trip_test user:test sessionId: clientIP: task:helpTask TYPE:GroovyAction@48c35007
Sat Oct 13 17:38:00 IST 2018 domain:trip_test user:test sessionId: clientIP: task:cancelTask TYPE:GroovyAction@770d4269
Sat Oct 13 17:38:09 IST 2018 domain:trip_test user:test sessionId: clientIP: task:test TYPE:GroovyAction@5c7bfdc1
Sat Oct 13 17:38:19 IST 2018 domain:trip_test user:test sessionId: clientIP: task:helpTask TYPE:GroovyAction@48c35007
Sat Oct 13 17:49:12 IST 2018 domain:trip_test user:test sessionId: clientIP: task:test TYPE:GroovyAction@5c7bfdc1
Sat Oct 13 17:49:23 IST 2018 domain:trip_test user:test sessionId: clientIP: task:helpTask TYPE:GroovyAction@6722db6e
Sat Oct 13 17:49:36 IST 2018 domain:trip_test user:test sessionId: clientIP: task:test TYPE:GroovyAction@5c7bfdc1
Sat Oct 13 17:49:47 IST 2018 domain:trip_test user:test sessionId: clientIP: task:helpTask TYPE:GroovyAction@6722db6e
Sat Oct 13 17:52:54 IST 2018 domain:trip_test user:test sessionId: clientIP: task:getTripInformation TYPE:GroovyAction@4145bad8
Sat Oct 13 17:59:26 IST 2018 domain:trip_test user:test sessionId: clientIP: task:getTripInformation TYPE:GroovyAction@750e2b97
Sat Oct 13 18:00:46 IST 2018 domain:trip_test user:test sessionId: clientIP: task:getTripInformation TYPE:GroovyAction@d86a6f
Sat Oct 13 18:00:57 IST 2018 domain:trip_test user:test sessionId: clientIP: task:getWeatherInformation TYPE:HTTPAction@b7838a9
Sat Oct 13 18:01:20 IST 2018 domain:trip_test user:test sessionId: clientIP: task:getTripInformation TYPE:GroovyAction@d86a6f
