Fri Feb 05 11:06:52 IST 2021 domain:mytrip_en user:test sessionId:d1-DUMMYSESSION clientIP: task:getTripInformation TYPE:GroovyAction@287f94b1
Fri Feb 05 11:07:01 IST 2021 domain:mytrip_en user:test sessionId:d1-DUMMYSESSION clientIP: task:getWikipediaCityInfo TYPE:HTTPAction@1de9d54
Fri Feb 05 11:07:18 IST 2021 domain:mytrip_en user:test sessionId:d1-DUMMYSESSION clientIP: task:getWeatherInformation TYPE:HTTPAction@54bca971
Fri Feb 05 11:17:54 IST 2021 domain:mytrip_en user:test sessionId:d1-DUMMYSESSION clientIP: task:getWeatherInformation TYPE:HTTPAction@2a492f2a
Fri Feb 05 11:31:45 IST 2021 domain:mytrip_en user:test sessionId:d1-DUMMYSESSION clientIP: task:getWeatherInformation TYPE:HTTPAction@263f04ca
Fri Feb 05 11:38:32 IST 2021 domain:mytrip_en user:test sessionId:d1-DUMMYSESSION clientIP: task:getWeatherInformation TYPE:HTTPAction@3277e499
Fri Feb 05 11:41:22 IST 2021 domain:mytrip_en user:test sessionId:d1-DUMMYSESSION clientIP: task:getTripInformation TYPE:GroovyAction@2ef8a8c3
Fri Feb 05 12:11:17 IST 2021 domain:mytrip_en user:test sessionId:d1-DUMMYSESSION clientIP: task:getWeatherInformation TYPE:HTTPAction@2a492f2a
Fri Feb 05 12:16:43 IST 2021 domain:mytrip_en user:test sessionId:d1-DUMMYSESSION clientIP: task:getWeatherInformation TYPE:HTTPAction@263f04ca
Fri Feb 05 12:21:50 IST 2021 domain:mytrip_en user:test sessionId:d1-DUMMYSESSION clientIP: task:getWeatherInformation TYPE:HTTPAction@2ca47471
Fri Feb 05 12:26:54 IST 2021 domain:mytrip_en user:test sessionId:d1-DUMMYSESSION clientIP: task:getWeatherInformation TYPE:HTTPAction@5a62b2a4
Fri Feb 05 12:52:57 IST 2021 domain:mytrip_en user:test sessionId:d1-DUMMYSESSION clientIP: task:getWikipediaCityInfo TYPE:HTTPAction@2ef8a8c3
Fri Feb 05 13:57:38 IST 2021 domain:mytrip_en user:test sessionId:d1-DUMMYSESSION clientIP: task:getWikipediaCityInfo TYPE:HTTPAction@5a62b2a4
Fri Feb 05 14:18:22 IST 2021 domain:mytrip_en user:test sessionId:d1-DUMMYSESSION clientIP: task:getTripInformation TYPE:GroovyAction@10027fc9
Fri Feb 05 16:00:09 IST 2021 domain:trip_en user:test sessionId:d1-DUMMYSESSION clientIP: task:getWeatherInformation TYPE:HTTPAction@76b74e9c
Fri Feb 05 16:00:20 IST 2021 domain:trip_en user:test sessionId:d1-DUMMYSESSION clientIP: task:EVT_getFeedback TYPE:GroovyAction@5c09d180
Fri Feb 05 17:14:31 IST 2021 domain:trip_en user:test sessionId:d1-DUMMYSESSION clientIP: task:getTripInformation TYPE:GroovyAction@2db2dd9d
Fri Feb 05 17:14:39 IST 2021 domain:trip_en user:test sessionId:d1-DUMMYSESSION clientIP: task:getWeatherInformation TYPE:HTTPAction@37864b77
Fri Feb 05 17:16:25 IST 2021 domain:trip_en user:John sessionId:d1-CSXHIEXIHOOI clientIP:127.0.0.1 task:getTripInformation TYPE:GroovyAction@55452947
Fri Feb 05 17:16:33 IST 2021 domain:trip_en user:John sessionId:d1-CSXHIEXIHOOI clientIP:127.0.0.1 task:getWeatherInformation TYPE:HTTPAction@2330bf10
Fri Feb 05 17:59:19 IST 2021 domain:trip_en user:test sessionId:d1-DUMMYSESSION clientIP: task:getWeatherInformation TYPE:HTTPAction@76b74e9c
Fri Feb 05 21:26:19 IST 2021 domain:trip_en user:test sessionId:d1-DUMMYSESSION clientIP: task:getWeatherInformation TYPE:HTTPAction@2f3c6ac4
